This file contains any messages produced by compilers while
running configure, to aid debugging if configure makes a mistake.

It was created by graph-tool configure 2.2.44, which was
generated by GNU Autoconf 2.69.  Invocation command line was

  $ ./configure --prefix=/home/martinez/workspace/pyseg_git/pyseg_system/sys/soft/graph-tool --disable-sparsehash

## --------- ##
## Platform. ##
## --------- ##

hostname = martinez-laptop
uname -m = x86_64
uname -r = 4.15.0-70-generic
uname -s = Linux
uname -v = #79-Ubuntu SMP Tue Nov 12 10:36:11 UTC 2019

/usr/bin/uname -p = unknown
/bin/uname -X     = unknown

/bin/arch              = unknown
/usr/bin/arch -k       = unknown
/usr/convex/getsysinfo = unknown
/usr/bin/hostinfo      = unknown
/bin/machine           = unknown
/usr/bin/oslevel       = unknown
/bin/universe          = unknown

PATH: /home/martinez/apps/paraview/ParaView-5.3.0-Qt5-OpenGL2-MPI-Linux-64bit/bin
PATH: /home/martinez/apps/pycharm/pycharm-community-2017.1/bin
PATH: /home/martinez/anaconda2/bin
PATH: /home/martinez/apps/paraview/ParaView-5.3.0-Qt5-OpenGL2-MPI-Linux-64bit/bin
PATH: /home/martinez/apps/pycharm/pycharm-community-2017.1/bin
PATH: /home/martinez/anaconda2/bin
PATH: /usr/local/sbin
PATH: /usr/local/bin
PATH: /usr/sbin
PATH: /usr/bin
PATH: /sbin
PATH: /bin
PATH: /usr/games
PATH: /usr/local/games
PATH: /snap/bin
PATH: /home/martinez/apps/PySeg_sys/sys/soft/disperse/0.9.24/build/bin
PATH: /home/martinez/apps/PySeg_sys_v0.1/sys/soft/disperse/0.9.24/build/bin
PATH: /home/martinez/apps/PySeg_sys/sys/soft/disperse/0.9.24/build/bin
PATH: /home/martinez/apps/PySeg_sys_v0.1/sys/soft/disperse/0.9.24/build/bin


## ----------- ##
## Core tests. ##
## ----------- ##

configure:2692: checking for a BSD-compatible install
configure:2760: result: /usr/bin/install -c
configure:2771: checking whether build environment is sane
configure:2826: result: yes
configure:2977: checking for a thread-safe mkdir -p
configure:3016: result: /bin/mkdir -p
configure:3023: checking for gawk
configure:3053: result: no
configure:3023: checking for mawk
configure:3039: found /usr/bin/mawk
configure:3050: result: mawk
configure:3061: checking whether make sets $(MAKE)
configure:3083: result: yes
configure:3112: checking whether make supports nested variables
configure:3129: result: yes
configure:3266: checking whether make supports nested variables
configure:3283: result: yes
configure:3306: checking for style of include used by make
configure:3334: result: GNU
configure:3405: checking for gcc
configure:3432: result: /usr/bin/gcc-4.8
configure:3661: checking for C compiler version
configure:3670: /usr/bin/gcc-4.8 --version >&5
gcc-4.8 (Ubuntu 4.8.5-4ubuntu8) 4.8.5
Copyright (C) 2015 Free Software Foundation, Inc.
This is free software; see the source for copying conditions.  There is NO
warranty; not even for MERCHANTABILITY or FITNESS FOR A PARTICULAR PURPOSE.

configure:3681: $? = 0
configure:3670: /usr/bin/gcc-4.8 -v >&5
Using built-in specs.
COLLECT_GCC=/usr/bin/gcc-4.8
COLLECT_LTO_WRAPPER=/usr/lib/gcc/x86_64-linux-gnu/4.8/lto-wrapper
Target: x86_64-linux-gnu
Configured with: ../src/configure -v --with-pkgversion='Ubuntu 4.8.5-4ubuntu8' --with-bugurl=file:///usr/share/doc/gcc-4.8/README.Bugs --enable-languages=c,c++,go,d,fortran,objc,obj-c++ --prefix=/usr --program-suffix=-4.8 --enable-shared --enable-linker-build-id --libexecdir=/usr/lib --without-included-gettext --enable-threads=posix --with-gxx-include-dir=/usr/include/c++/4.8 --libdir=/usr/lib --enable-nls --with-sysroot=/ --enable-clocale=gnu --enable-libstdcxx-debug --enable-libstdcxx-time=yes --enable-gnu-unique-object --disable-libmudflap --enable-plugin --with-system-zlib --enable-objc-gc --enable-multiarch --disable-werror --with-arch-32=i686 --with-abi=m64 --with-multilib-list=m32,m64,mx32 --with-tune=generic --enable-checking=release --build=x86_64-linux-gnu --host=x86_64-linux-gnu --target=x86_64-linux-gnu
Thread model: posix
gcc version 4.8.5 (Ubuntu 4.8.5-4ubuntu8) 
configure:3681: $? = 0
configure:3670: /usr/bin/gcc-4.8 -V >&5
gcc-4.8: error: unrecognized command line option '-V'
gcc-4.8: fatal error: no input files
compilation terminated.
configure:3681: $? = 4
configure:3670: /usr/bin/gcc-4.8 -qversion >&5
gcc-4.8: error: unrecognized command line option '-qversion'
gcc-4.8: fatal error: no input files
compilation terminated.
configure:3681: $? = 4
configure:3701: checking whether the C compiler works
configure:3723: /usr/bin/gcc-4.8    conftest.c  >&5
configure:3727: $? = 0
configure:3775: result: yes
configure:3778: checking for C compiler default output file name
configure:3780: result: a.out
configure:3786: checking for suffix of executables
configure:3793: /usr/bin/gcc-4.8 -o conftest    conftest.c  >&5
configure:3797: $? = 0
configure:3819: result: 
configure:3841: checking whether we are cross compiling
configure:3849: /usr/bin/gcc-4.8 -o conftest    conftest.c  >&5
configure:3853: $? = 0
configure:3860: ./conftest
configure:3864: $? = 0
configure:3879: result: no
configure:3884: checking for suffix of object files
configure:3906: /usr/bin/gcc-4.8 -c   conftest.c >&5
configure:3910: $? = 0
configure:3931: result: o
configure:3935: checking whether we are using the GNU C compiler
configure:3954: /usr/bin/gcc-4.8 -c   conftest.c >&5
configure:3954: $? = 0
configure:3963: result: yes
configure:3972: checking whether /usr/bin/gcc-4.8 accepts -g
configure:3992: /usr/bin/gcc-4.8 -c -g  conftest.c >&5
configure:3992: $? = 0
configure:4033: result: yes
configure:4050: checking for /usr/bin/gcc-4.8 option to accept ISO C89
configure:4113: /usr/bin/gcc-4.8  -c -g -O2  conftest.c >&5
configure:4113: $? = 0
configure:4126: result: none needed
configure:4151: checking whether /usr/bin/gcc-4.8 understands -c and -o together
configure:4173: /usr/bin/gcc-4.8 -c conftest.c -o conftest2.o
configure:4176: $? = 0
configure:4173: /usr/bin/gcc-4.8 -c conftest.c -o conftest2.o
configure:4176: $? = 0
configure:4188: result: yes
configure:4207: checking dependency style of /usr/bin/gcc-4.8
configure:4318: result: gcc3
configure:4339: checking for library containing strerror
configure:4370: /usr/bin/gcc-4.8 -o conftest -g -O2   conftest.c  >&5
configure:4370: $? = 0
configure:4387: result: none required
configure:4402: checking how to run the C preprocessor
configure:4433: /usr/bin/gcc-4.8 -E  conftest.c
configure:4433: $? = 0
configure:4447: /usr/bin/gcc-4.8 -E  conftest.c
conftest.c:11:28: fatal error: ac_nonexistent.h: No such file or directory
 #include <ac_nonexistent.h>
                            ^
compilation terminated.
configure:4447: $? = 1
configure: failed program was:
| /* confdefs.h */
| #define PACKAGE_NAME "graph-tool"
| #define PACKAGE_TARNAME "graph-tool"
| #define PACKAGE_VERSION "2.2.44"
| #define PACKAGE_STRING "graph-tool 2.2.44"
| #define PACKAGE_BUGREPORT "http://graph-tool.skewed.de/tickets"
| #define PACKAGE_URL "http://graph-tool.skewed.de"
| #define PACKAGE "graph-tool"
| #define VERSION "2.2.44"
| /* end confdefs.h.  */
| #include <ac_nonexistent.h>
configure:4472: result: /usr/bin/gcc-4.8 -E
configure:4492: /usr/bin/gcc-4.8 -E  conftest.c
configure:4492: $? = 0
configure:4506: /usr/bin/gcc-4.8 -E  conftest.c
conftest.c:11:28: fatal error: ac_nonexistent.h: No such file or directory
 #include <ac_nonexistent.h>
                            ^
compilation terminated.
configure:4506: $? = 1
configure: failed program was:
| /* confdefs.h */
| #define PACKAGE_NAME "graph-tool"
| #define PACKAGE_TARNAME "graph-tool"
| #define PACKAGE_VERSION "2.2.44"
| #define PACKAGE_STRING "graph-tool 2.2.44"
| #define PACKAGE_BUGREPORT "http://graph-tool.skewed.de/tickets"
| #define PACKAGE_URL "http://graph-tool.skewed.de"
| #define PACKAGE "graph-tool"
| #define VERSION "2.2.44"
| /* end confdefs.h.  */
| #include <ac_nonexistent.h>
configure:4535: checking for grep that handles long lines and -e
configure:4593: result: /bin/grep
configure:4598: checking for egrep
configure:4660: result: /bin/grep -E
configure:4665: checking for ANSI C header files
configure:4685: /usr/bin/gcc-4.8 -c -g -O2  conftest.c >&5
configure:4685: $? = 0
configure:4758: /usr/bin/gcc-4.8 -o conftest -g -O2   conftest.c  >&5
configure:4758: $? = 0
configure:4758: ./conftest
configure:4758: $? = 0
configure:4769: result: yes
configure:4782: checking for sys/types.h
configure:4782: /usr/bin/gcc-4.8 -c -g -O2  conftest.c >&5
configure:4782: $? = 0
configure:4782: result: yes
configure:4782: checking for sys/stat.h
configure:4782: /usr/bin/gcc-4.8 -c -g -O2  conftest.c >&5
configure:4782: $? = 0
configure:4782: result: yes
configure:4782: checking for stdlib.h
configure:4782: /usr/bin/gcc-4.8 -c -g -O2  conftest.c >&5
configure:4782: $? = 0
configure:4782: result: yes
configure:4782: checking for string.h
configure:4782: /usr/bin/gcc-4.8 -c -g -O2  conftest.c >&5
configure:4782: $? = 0
configure:4782: result: yes
configure:4782: checking for memory.h
configure:4782: /usr/bin/gcc-4.8 -c -g -O2  conftest.c >&5
configure:4782: $? = 0
configure:4782: result: yes
configure:4782: checking for strings.h
configure:4782: /usr/bin/gcc-4.8 -c -g -O2  conftest.c >&5
configure:4782: $? = 0
configure:4782: result: yes
configure:4782: checking for inttypes.h
configure:4782: /usr/bin/gcc-4.8 -c -g -O2  conftest.c >&5
configure:4782: $? = 0
configure:4782: result: yes
configure:4782: checking for stdint.h
configure:4782: /usr/bin/gcc-4.8 -c -g -O2  conftest.c >&5
configure:4782: $? = 0
configure:4782: result: yes
configure:4782: checking for unistd.h
configure:4782: /usr/bin/gcc-4.8 -c -g -O2  conftest.c >&5
configure:4782: $? = 0
configure:4782: result: yes
configure:4795: checking minix/config.h usability
configure:4795: /usr/bin/gcc-4.8 -c -g -O2  conftest.c >&5
conftest.c:54:26: fatal error: minix/config.h: No such file or directory
 #include <minix/config.h>
                          ^
compilation terminated.
configure:4795: $? = 1
configure: failed program was:
| /* confdefs.h */
| #define PACKAGE_NAME "graph-tool"
| #define PACKAGE_TARNAME "graph-tool"
| #define PACKAGE_VERSION "2.2.44"
| #define PACKAGE_STRING "graph-tool 2.2.44"
| #define PACKAGE_BUGREPORT "http://graph-tool.skewed.de/tickets"
| #define PACKAGE_URL "http://graph-tool.skewed.de"
| #define PACKAGE "graph-tool"
| #define VERSION "2.2.44"
| #define STDC_HEADERS 1
| #define HAVE_SYS_TYPES_H 1
| #define HAVE_SYS_STAT_H 1
| #define HAVE_STDLIB_H 1
| #define HAVE_STRING_H 1
| #define HAVE_MEMORY_H 1
| #define HAVE_STRINGS_H 1
| #define HAVE_INTTYPES_H 1
| #define HAVE_STDINT_H 1
| #define HAVE_UNISTD_H 1
| /* end confdefs.h.  */
| #include <stdio.h>
| #ifdef HAVE_SYS_TYPES_H
| # include <sys/types.h>
| #endif
| #ifdef HAVE_SYS_STAT_H
| # include <sys/stat.h>
| #endif
| #ifdef STDC_HEADERS
| # include <stdlib.h>
| # include <stddef.h>
| #else
| # ifdef HAVE_STDLIB_H
| #  include <stdlib.h>
| # endif
| #endif
| #ifdef HAVE_STRING_H
| # if !defined STDC_HEADERS && defined HAVE_MEMORY_H
| #  include <memory.h>
| # endif
| # include <string.h>
| #endif
| #ifdef HAVE_STRINGS_H
| # include <strings.h>
| #endif
| #ifdef HAVE_INTTYPES_H
| # include <inttypes.h>
| #endif
| #ifdef HAVE_STDINT_H
| # include <stdint.h>
| #endif
| #ifdef HAVE_UNISTD_H
| # include <unistd.h>
| #endif
| #include <minix/config.h>
configure:4795: result: no
configure:4795: checking minix/config.h presence
configure:4795: /usr/bin/gcc-4.8 -E  conftest.c
conftest.c:21:26: fatal error: minix/config.h: No such file or directory
 #include <minix/config.h>
                          ^
compilation terminated.
configure:4795: $? = 1
configure: failed program was:
| /* confdefs.h */
| #define PACKAGE_NAME "graph-tool"
| #define PACKAGE_TARNAME "graph-tool"
| #define PACKAGE_VERSION "2.2.44"
| #define PACKAGE_STRING "graph-tool 2.2.44"
| #define PACKAGE_BUGREPORT "http://graph-tool.skewed.de/tickets"
| #define PACKAGE_URL "http://graph-tool.skewed.de"
| #define PACKAGE "graph-tool"
| #define VERSION "2.2.44"
| #define STDC_HEADERS 1
| #define HAVE_SYS_TYPES_H 1
| #define HAVE_SYS_STAT_H 1
| #define HAVE_STDLIB_H 1
| #define HAVE_STRING_H 1
| #define HAVE_MEMORY_H 1
| #define HAVE_STRINGS_H 1
| #define HAVE_INTTYPES_H 1
| #define HAVE_STDINT_H 1
| #define HAVE_UNISTD_H 1
| /* end confdefs.h.  */
| #include <minix/config.h>
configure:4795: result: no
configure:4795: checking for minix/config.h
configure:4795: result: no
configure:4816: checking whether it is safe to define __EXTENSIONS__
configure:4834: /usr/bin/gcc-4.8 -c -g -O2  conftest.c >&5
configure:4834: $? = 0
configure:4841: result: yes
configure:4967: checking for C++ compiler version
configure:4976: /usr/bin/g++-4.8 --version >&5
g++-4.8 (Ubuntu 4.8.5-4ubuntu8) 4.8.5
Copyright (C) 2015 Free Software Foundation, Inc.
This is free software; see the source for copying conditions.  There is NO
warranty; not even for MERCHANTABILITY or FITNESS FOR A PARTICULAR PURPOSE.

configure:4987: $? = 0
configure:4976: /usr/bin/g++-4.8 -v >&5
Using built-in specs.
COLLECT_GCC=/usr/bin/g++-4.8
COLLECT_LTO_WRAPPER=/usr/lib/gcc/x86_64-linux-gnu/4.8/lto-wrapper
Target: x86_64-linux-gnu
Configured with: ../src/configure -v --with-pkgversion='Ubuntu 4.8.5-4ubuntu8' --with-bugurl=file:///usr/share/doc/gcc-4.8/README.Bugs --enable-languages=c,c++,go,d,fortran,objc,obj-c++ --prefix=/usr --program-suffix=-4.8 --enable-shared --enable-linker-build-id --libexecdir=/usr/lib --without-included-gettext --enable-threads=posix --with-gxx-include-dir=/usr/include/c++/4.8 --libdir=/usr/lib --enable-nls --with-sysroot=/ --enable-clocale=gnu --enable-libstdcxx-debug --enable-libstdcxx-time=yes --enable-gnu-unique-object --disable-libmudflap --enable-plugin --with-system-zlib --enable-objc-gc --enable-multiarch --disable-werror --with-arch-32=i686 --with-abi=m64 --with-multilib-list=m32,m64,mx32 --with-tune=generic --enable-checking=release --build=x86_64-linux-gnu --host=x86_64-linux-gnu --target=x86_64-linux-gnu
Thread model: posix
gcc version 4.8.5 (Ubuntu 4.8.5-4ubuntu8) 
configure:4987: $? = 0
configure:4976: /usr/bin/g++-4.8 -V >&5
g++-4.8: error: unrecognized command line option '-V'
g++-4.8: fatal error: no input files
compilation terminated.
configure:4987: $? = 4
configure:4976: /usr/bin/g++-4.8 -qversion >&5
g++-4.8: error: unrecognized command line option '-qversion'
g++-4.8: fatal error: no input files
compilation terminated.
configure:4987: $? = 4
configure:4991: checking whether we are using the GNU C++ compiler
configure:5010: /usr/bin/g++-4.8 -c   conftest.cpp >&5
configure:5010: $? = 0
configure:5019: result: yes
configure:5028: checking whether /usr/bin/g++-4.8 accepts -g
configure:5048: /usr/bin/g++-4.8 -c -g  conftest.cpp >&5
configure:5048: $? = 0
configure:5089: result: yes
configure:5114: checking dependency style of /usr/bin/g++-4.8
configure:5225: result: gcc3
configure:5250: checking for /usr/bin/gcc-4.8 option to accept ISO C99
configure:5399: /usr/bin/g++-4.8 -c   conftest.cpp >&5
conftest.cpp:76:29: error: expected ',' or '...' before 'text'
 test_restrict (ccp restrict text)
                             ^
conftest.cpp: In function 'int test_restrict(ccp)':
conftest.cpp:81:30: error: 'text' was not declared in this scope
   for (unsigned int i = 0; *(text+i) != '\0'; ++i)
                              ^
conftest.cpp: In function 'int main()':
conftest.cpp:130:18: error: expected initializer before 'newvar'
   char *restrict newvar = "Another string";
                  ^
conftest.cpp:138:70: error: invalid conversion from 'void*' to 'incomplete_array*' [-fpermissive]
     malloc (sizeof (struct incomplete_array) + (sizeof (double) * 10));
                                                                      ^
conftest.cpp:156:59: error: 'newvar' was not declared in this scope
   return (!success || bignum == 0LL || ubignum == 0uLL || newvar[0] == 'x'
                                                           ^
configure:5399: $? = 1
configure: failed program was:
| /* confdefs.h */
| #define PACKAGE_NAME "graph-tool"
| #define PACKAGE_TARNAME "graph-tool"
| #define PACKAGE_VERSION "2.2.44"
| #define PACKAGE_STRING "graph-tool 2.2.44"
| #define PACKAGE_BUGREPORT "http://graph-tool.skewed.de/tickets"
| #define PACKAGE_URL "http://graph-tool.skewed.de"
| #define PACKAGE "graph-tool"
| #define VERSION "2.2.44"
| #define STDC_HEADERS 1
| #define HAVE_SYS_TYPES_H 1
| #define HAVE_SYS_STAT_H 1
| #define HAVE_STDLIB_H 1
| #define HAVE_STRING_H 1
| #define HAVE_MEMORY_H 1
| #define HAVE_STRINGS_H 1
| #define HAVE_INTTYPES_H 1
| #define HAVE_STDINT_H 1
| #define HAVE_UNISTD_H 1
| #define __EXTENSIONS__ 1
| #define _ALL_SOURCE 1
| #define _GNU_SOURCE 1
| #define _POSIX_PTHREAD_SEMANTICS 1
| #define _TANDEM_SOURCE 1
| /* end confdefs.h.  */
| #include <stdarg.h>
| #include <stdbool.h>
| #include <stdlib.h>
| #include <wchar.h>
| #include <stdio.h>
| 
| // Check varargs macros.  These examples are taken from C99 6.10.3.5.
| #define debug(...) fprintf (stderr, __VA_ARGS__)
| #define showlist(...) puts (#__VA_ARGS__)
| #define report(test,...) ((test) ? puts (#test) : printf (__VA_ARGS__))
| static void
| test_varargs_macros (void)
| {
|   int x = 1234;
|   int y = 5678;
|   debug ("Flag");
|   debug ("X = %d\n", x);
|   showlist (The first, second, and third items.);
|   report (x>y, "x is %d but y is %d", x, y);
| }
| 
| // Check long long types.
| #define BIG64 18446744073709551615ull
| #define BIG32 4294967295ul
| #define BIG_OK (BIG64 / BIG32 == 4294967297ull && BIG64 % BIG32 == 0)
| #if !BIG_OK
|   your preprocessor is broken;
| #endif
| #if BIG_OK
| #else
|   your preprocessor is broken;
| #endif
| static long long int bignum = -9223372036854775807LL;
| static unsigned long long int ubignum = BIG64;
| 
| struct incomplete_array
| {
|   int datasize;
|   double data[];
| };
| 
| struct named_init {
|   int number;
|   const wchar_t *name;
|   double average;
| };
| 
| typedef const char *ccp;
| 
| static inline int
| test_restrict (ccp restrict text)
| {
|   // See if C++-style comments work.
|   // Iterate through items via the restricted pointer.
|   // Also check for declarations in for loops.
|   for (unsigned int i = 0; *(text+i) != '\0'; ++i)
|     continue;
|   return 0;
| }
| 
| // Check varargs and va_copy.
| static void
| test_varargs (const char *format, ...)
| {
|   va_list args;
|   va_start (args, format);
|   va_list args_copy;
|   va_copy (args_copy, args);
| 
|   const char *str;
|   int number;
|   float fnumber;
| 
|   while (*format)
|     {
|       switch (*format++)
| 	{
| 	case 's': // string
| 	  str = va_arg (args_copy, const char *);
| 	  break;
| 	case 'd': // int
| 	  number = va_arg (args_copy, int);
| 	  break;
| 	case 'f': // float
| 	  fnumber = va_arg (args_copy, double);
| 	  break;
| 	default:
| 	  break;
| 	}
|     }
|   va_end (args_copy);
|   va_end (args);
| }
| 
| int
| main ()
| {
| 
|   // Check bool.
|   _Bool success = false;
| 
|   // Check restrict.
|   if (test_restrict ("String literal") == 0)
|     success = true;
|   char *restrict newvar = "Another string";
| 
|   // Check varargs.
|   test_varargs ("s, d' f .", "string", 65, 34.234);
|   test_varargs_macros ();
| 
|   // Check flexible array members.
|   struct incomplete_array *ia =
|     malloc (sizeof (struct incomplete_array) + (sizeof (double) * 10));
|   ia->datasize = 10;
|   for (int i = 0; i < ia->datasize; ++i)
|     ia->data[i] = i * 1.234;
| 
|   // Check named initializers.
|   struct named_init ni = {
|     .number = 34,
|     .name = L"Test wide string",
|     .average = 543.34343,
|   };
| 
|   ni.number = 58;
| 
|   int dynamic_array[ni.number];
|   dynamic_array[ni.number - 1] = 543;
| 
|   // work around unused variable warnings
|   return (!success || bignum == 0LL || ubignum == 0uLL || newvar[0] == 'x'
| 	  || dynamic_array[ni.number - 1] != 543);
| 
|   ;
|   return 0;
| }
configure:5399: /usr/bin/g++-4.8 -c   conftest.cpp >&5
conftest.cpp:76:29: error: expected ',' or '...' before 'text'
 test_restrict (ccp restrict text)
                             ^
conftest.cpp: In function 'int test_restrict(ccp)':
conftest.cpp:81:30: error: 'text' was not declared in this scope
   for (unsigned int i = 0; *(text+i) != '\0'; ++i)
                              ^
conftest.cpp: In function 'int main()':
conftest.cpp:130:18: error: expected initializer before 'newvar'
   char *restrict newvar = "Another string";
                  ^
conftest.cpp:138:70: error: invalid conversion from 'void*' to 'incomplete_array*' [-fpermissive]
     malloc (sizeof (struct incomplete_array) + (sizeof (double) * 10));
                                                                      ^
conftest.cpp:156:59: error: 'newvar' was not declared in this scope
   return (!success || bignum == 0LL || ubignum == 0uLL || newvar[0] == 'x'
                                                           ^
configure:5399: $? = 1
configure: failed program was:
| /* confdefs.h */
| #define PACKAGE_NAME "graph-tool"
| #define PACKAGE_TARNAME "graph-tool"
| #define PACKAGE_VERSION "2.2.44"
| #define PACKAGE_STRING "graph-tool 2.2.44"
| #define PACKAGE_BUGREPORT "http://graph-tool.skewed.de/tickets"
| #define PACKAGE_URL "http://graph-tool.skewed.de"
| #define PACKAGE "graph-tool"
| #define VERSION "2.2.44"
| #define STDC_HEADERS 1
| #define HAVE_SYS_TYPES_H 1
| #define HAVE_SYS_STAT_H 1
| #define HAVE_STDLIB_H 1
| #define HAVE_STRING_H 1
| #define HAVE_MEMORY_H 1
| #define HAVE_STRINGS_H 1
| #define HAVE_INTTYPES_H 1
| #define HAVE_STDINT_H 1
| #define HAVE_UNISTD_H 1
| #define __EXTENSIONS__ 1
| #define _ALL_SOURCE 1
| #define _GNU_SOURCE 1
| #define _POSIX_PTHREAD_SEMANTICS 1
| #define _TANDEM_SOURCE 1
| /* end confdefs.h.  */
| #include <stdarg.h>
| #include <stdbool.h>
| #include <stdlib.h>
| #include <wchar.h>
| #include <stdio.h>
| 
| // Check varargs macros.  These examples are taken from C99 6.10.3.5.
| #define debug(...) fprintf (stderr, __VA_ARGS__)
| #define showlist(...) puts (#__VA_ARGS__)
| #define report(test,...) ((test) ? puts (#test) : printf (__VA_ARGS__))
| static void
| test_varargs_macros (void)
| {
|   int x = 1234;
|   int y = 5678;
|   debug ("Flag");
|   debug ("X = %d\n", x);
|   showlist (The first, second, and third items.);
|   report (x>y, "x is %d but y is %d", x, y);
| }
| 
| // Check long long types.
| #define BIG64 18446744073709551615ull
| #define BIG32 4294967295ul
| #define BIG_OK (BIG64 / BIG32 == 4294967297ull && BIG64 % BIG32 == 0)
| #if !BIG_OK
|   your preprocessor is broken;
| #endif
| #if BIG_OK
| #else
|   your preprocessor is broken;
| #endif
| static long long int bignum = -9223372036854775807LL;
| static unsigned long long int ubignum = BIG64;
| 
| struct incomplete_array
| {
|   int datasize;
|   double data[];
| };
| 
| struct named_init {
|   int number;
|   const wchar_t *name;
|   double average;
| };
| 
| typedef const char *ccp;
| 
| static inline int
| test_restrict (ccp restrict text)
| {
|   // See if C++-style comments work.
|   // Iterate through items via the restricted pointer.
|   // Also check for declarations in for loops.
|   for (unsigned int i = 0; *(text+i) != '\0'; ++i)
|     continue;
|   return 0;
| }
| 
| // Check varargs and va_copy.
| static void
| test_varargs (const char *format, ...)
| {
|   va_list args;
|   va_start (args, format);
|   va_list args_copy;
|   va_copy (args_copy, args);
| 
|   const char *str;
|   int number;
|   float fnumber;
| 
|   while (*format)
|     {
|       switch (*format++)
| 	{
| 	case 's': // string
| 	  str = va_arg (args_copy, const char *);
| 	  break;
| 	case 'd': // int
| 	  number = va_arg (args_copy, int);
| 	  break;
| 	case 'f': // float
| 	  fnumber = va_arg (args_copy, double);
| 	  break;
| 	default:
| 	  break;
| 	}
|     }
|   va_end (args_copy);
|   va_end (args);
| }
| 
| int
| main ()
| {
| 
|   // Check bool.
|   _Bool success = false;
| 
|   // Check restrict.
|   if (test_restrict ("String literal") == 0)
|     success = true;
|   char *restrict newvar = "Another string";
| 
|   // Check varargs.
|   test_varargs ("s, d' f .", "string", 65, 34.234);
|   test_varargs_macros ();
| 
|   // Check flexible array members.
|   struct incomplete_array *ia =
|     malloc (sizeof (struct incomplete_array) + (sizeof (double) * 10));
|   ia->datasize = 10;
|   for (int i = 0; i < ia->datasize; ++i)
|     ia->data[i] = i * 1.234;
| 
|   // Check named initializers.
|   struct named_init ni = {
|     .number = 34,
|     .name = L"Test wide string",
|     .average = 543.34343,
|   };
| 
|   ni.number = 58;
| 
|   int dynamic_array[ni.number];
|   dynamic_array[ni.number - 1] = 543;
| 
|   // work around unused variable warnings
|   return (!success || bignum == 0LL || ubignum == 0uLL || newvar[0] == 'x'
| 	  || dynamic_array[ni.number - 1] != 543);
| 
|   ;
|   return 0;
| }
configure:5399: /usr/bin/g++-4.8 -c   conftest.cpp >&5
conftest.cpp:76:29: error: expected ',' or '...' before 'text'
 test_restrict (ccp restrict text)
                             ^
conftest.cpp: In function 'int test_restrict(ccp)':
conftest.cpp:81:30: error: 'text' was not declared in this scope
   for (unsigned int i = 0; *(text+i) != '\0'; ++i)
                              ^
conftest.cpp: In function 'int main()':
conftest.cpp:130:18: error: expected initializer before 'newvar'
   char *restrict newvar = "Another string";
                  ^
conftest.cpp:138:70: error: invalid conversion from 'void*' to 'incomplete_array*' [-fpermissive]
     malloc (sizeof (struct incomplete_array) + (sizeof (double) * 10));
                                                                      ^
conftest.cpp:156:59: error: 'newvar' was not declared in this scope
   return (!success || bignum == 0LL || ubignum == 0uLL || newvar[0] == 'x'
                                                           ^
configure:5399: $? = 1
configure: failed program was:
| /* confdefs.h */
| #define PACKAGE_NAME "graph-tool"
| #define PACKAGE_TARNAME "graph-tool"
| #define PACKAGE_VERSION "2.2.44"
| #define PACKAGE_STRING "graph-tool 2.2.44"
| #define PACKAGE_BUGREPORT "http://graph-tool.skewed.de/tickets"
| #define PACKAGE_URL "http://graph-tool.skewed.de"
| #define PACKAGE "graph-tool"
| #define VERSION "2.2.44"
| #define STDC_HEADERS 1
| #define HAVE_SYS_TYPES_H 1
| #define HAVE_SYS_STAT_H 1
| #define HAVE_STDLIB_H 1
| #define HAVE_STRING_H 1
| #define HAVE_MEMORY_H 1
| #define HAVE_STRINGS_H 1
| #define HAVE_INTTYPES_H 1
| #define HAVE_STDINT_H 1
| #define HAVE_UNISTD_H 1
| #define __EXTENSIONS__ 1
| #define _ALL_SOURCE 1
| #define _GNU_SOURCE 1
| #define _POSIX_PTHREAD_SEMANTICS 1
| #define _TANDEM_SOURCE 1
| /* end confdefs.h.  */
| #include <stdarg.h>
| #include <stdbool.h>
| #include <stdlib.h>
| #include <wchar.h>
| #include <stdio.h>
| 
| // Check varargs macros.  These examples are taken from C99 6.10.3.5.
| #define debug(...) fprintf (stderr, __VA_ARGS__)
| #define showlist(...) puts (#__VA_ARGS__)
| #define report(test,...) ((test) ? puts (#test) : printf (__VA_ARGS__))
| static void
| test_varargs_macros (void)
| {
|   int x = 1234;
|   int y = 5678;
|   debug ("Flag");
|   debug ("X = %d\n", x);
|   showlist (The first, second, and third items.);
|   report (x>y, "x is %d but y is %d", x, y);
| }
| 
| // Check long long types.
| #define BIG64 18446744073709551615ull
| #define BIG32 4294967295ul
| #define BIG_OK (BIG64 / BIG32 == 4294967297ull && BIG64 % BIG32 == 0)
| #if !BIG_OK
|   your preprocessor is broken;
| #endif
| #if BIG_OK
| #else
|   your preprocessor is broken;
| #endif
| static long long int bignum = -9223372036854775807LL;
| static unsigned long long int ubignum = BIG64;
| 
| struct incomplete_array
| {
|   int datasize;
|   double data[];
| };
| 
| struct named_init {
|   int number;
|   const wchar_t *name;
|   double average;
| };
| 
| typedef const char *ccp;
| 
| static inline int
| test_restrict (ccp restrict text)
| {
|   // See if C++-style comments work.
|   // Iterate through items via the restricted pointer.
|   // Also check for declarations in for loops.
|   for (unsigned int i = 0; *(text+i) != '\0'; ++i)
|     continue;
|   return 0;
| }
| 
| // Check varargs and va_copy.
| static void
| test_varargs (const char *format, ...)
| {
|   va_list args;
|   va_start (args, format);
|   va_list args_copy;
|   va_copy (args_copy, args);
| 
|   const char *str;
|   int number;
|   float fnumber;
| 
|   while (*format)
|     {
|       switch (*format++)
| 	{
| 	case 's': // string
| 	  str = va_arg (args_copy, const char *);
| 	  break;
| 	case 'd': // int
| 	  number = va_arg (args_copy, int);
| 	  break;
| 	case 'f': // float
| 	  fnumber = va_arg (args_copy, double);
| 	  break;
| 	default:
| 	  break;
| 	}
|     }
|   va_end (args_copy);
|   va_end (args);
| }
| 
| int
| main ()
| {
| 
|   // Check bool.
|   _Bool success = false;
| 
|   // Check restrict.
|   if (test_restrict ("String literal") == 0)
|     success = true;
|   char *restrict newvar = "Another string";
| 
|   // Check varargs.
|   test_varargs ("s, d' f .", "string", 65, 34.234);
|   test_varargs_macros ();
| 
|   // Check flexible array members.
|   struct incomplete_array *ia =
|     malloc (sizeof (struct incomplete_array) + (sizeof (double) * 10));
|   ia->datasize = 10;
|   for (int i = 0; i < ia->datasize; ++i)
|     ia->data[i] = i * 1.234;
| 
|   // Check named initializers.
|   struct named_init ni = {
|     .number = 34,
|     .name = L"Test wide string",
|     .average = 543.34343,
|   };
| 
|   ni.number = 58;
| 
|   int dynamic_array[ni.number];
|   dynamic_array[ni.number - 1] = 543;
| 
|   // work around unused variable warnings
|   return (!success || bignum == 0LL || ubignum == 0uLL || newvar[0] == 'x'
| 	  || dynamic_array[ni.number - 1] != 543);
| 
|   ;
|   return 0;
| }
configure:5399: /usr/bin/g++-4.8 -c   conftest.cpp >&5
conftest.cpp:76:29: error: expected ',' or '...' before 'text'
 test_restrict (ccp restrict text)
                             ^
conftest.cpp: In function 'int test_restrict(ccp)':
conftest.cpp:81:30: error: 'text' was not declared in this scope
   for (unsigned int i = 0; *(text+i) != '\0'; ++i)
                              ^
conftest.cpp: In function 'int main()':
conftest.cpp:130:18: error: expected initializer before 'newvar'
   char *restrict newvar = "Another string";
                  ^
conftest.cpp:138:70: error: invalid conversion from 'void*' to 'incomplete_array*' [-fpermissive]
     malloc (sizeof (struct incomplete_array) + (sizeof (double) * 10));
                                                                      ^
conftest.cpp:156:59: error: 'newvar' was not declared in this scope
   return (!success || bignum == 0LL || ubignum == 0uLL || newvar[0] == 'x'
                                                           ^
configure:5399: $? = 1
configure: failed program was:
| /* confdefs.h */
| #define PACKAGE_NAME "graph-tool"
| #define PACKAGE_TARNAME "graph-tool"
| #define PACKAGE_VERSION "2.2.44"
| #define PACKAGE_STRING "graph-tool 2.2.44"
| #define PACKAGE_BUGREPORT "http://graph-tool.skewed.de/tickets"
| #define PACKAGE_URL "http://graph-tool.skewed.de"
| #define PACKAGE "graph-tool"
| #define VERSION "2.2.44"
| #define STDC_HEADERS 1
| #define HAVE_SYS_TYPES_H 1
| #define HAVE_SYS_STAT_H 1
| #define HAVE_STDLIB_H 1
| #define HAVE_STRING_H 1
| #define HAVE_MEMORY_H 1
| #define HAVE_STRINGS_H 1
| #define HAVE_INTTYPES_H 1
| #define HAVE_STDINT_H 1
| #define HAVE_UNISTD_H 1
| #define __EXTENSIONS__ 1
| #define _ALL_SOURCE 1
| #define _GNU_SOURCE 1
| #define _POSIX_PTHREAD_SEMANTICS 1
| #define _TANDEM_SOURCE 1
| /* end confdefs.h.  */
| #include <stdarg.h>
| #include <stdbool.h>
| #include <stdlib.h>
| #include <wchar.h>
| #include <stdio.h>
| 
| // Check varargs macros.  These examples are taken from C99 6.10.3.5.
| #define debug(...) fprintf (stderr, __VA_ARGS__)
| #define showlist(...) puts (#__VA_ARGS__)
| #define report(test,...) ((test) ? puts (#test) : printf (__VA_ARGS__))
| static void
| test_varargs_macros (void)
| {
|   int x = 1234;
|   int y = 5678;
|   debug ("Flag");
|   debug ("X = %d\n", x);
|   showlist (The first, second, and third items.);
|   report (x>y, "x is %d but y is %d", x, y);
| }
| 
| // Check long long types.
| #define BIG64 18446744073709551615ull
| #define BIG32 4294967295ul
| #define BIG_OK (BIG64 / BIG32 == 4294967297ull && BIG64 % BIG32 == 0)
| #if !BIG_OK
|   your preprocessor is broken;
| #endif
| #if BIG_OK
| #else
|   your preprocessor is broken;
| #endif
| static long long int bignum = -9223372036854775807LL;
| static unsigned long long int ubignum = BIG64;
| 
| struct incomplete_array
| {
|   int datasize;
|   double data[];
| };
| 
| struct named_init {
|   int number;
|   const wchar_t *name;
|   double average;
| };
| 
| typedef const char *ccp;
| 
| static inline int
| test_restrict (ccp restrict text)
| {
|   // See if C++-style comments work.
|   // Iterate through items via the restricted pointer.
|   // Also check for declarations in for loops.
|   for (unsigned int i = 0; *(text+i) != '\0'; ++i)
|     continue;
|   return 0;
| }
| 
| // Check varargs and va_copy.
| static void
| test_varargs (const char *format, ...)
| {
|   va_list args;
|   va_start (args, format);
|   va_list args_copy;
|   va_copy (args_copy, args);
| 
|   const char *str;
|   int number;
|   float fnumber;
| 
|   while (*format)
|     {
|       switch (*format++)
| 	{
| 	case 's': // string
| 	  str = va_arg (args_copy, const char *);
| 	  break;
| 	case 'd': // int
| 	  number = va_arg (args_copy, int);
| 	  break;
| 	case 'f': // float
| 	  fnumber = va_arg (args_copy, double);
| 	  break;
| 	default:
| 	  break;
| 	}
|     }
|   va_end (args_copy);
|   va_end (args);
| }
| 
| int
| main ()
| {
| 
|   // Check bool.
|   _Bool success = false;
| 
|   // Check restrict.
|   if (test_restrict ("String literal") == 0)
|     success = true;
|   char *restrict newvar = "Another string";
| 
|   // Check varargs.
|   test_varargs ("s, d' f .", "string", 65, 34.234);
|   test_varargs_macros ();
| 
|   // Check flexible array members.
|   struct incomplete_array *ia =
|     malloc (sizeof (struct incomplete_array) + (sizeof (double) * 10));
|   ia->datasize = 10;
|   for (int i = 0; i < ia->datasize; ++i)
|     ia->data[i] = i * 1.234;
| 
|   // Check named initializers.
|   struct named_init ni = {
|     .number = 34,
|     .name = L"Test wide string",
|     .average = 543.34343,
|   };
| 
|   ni.number = 58;
| 
|   int dynamic_array[ni.number];
|   dynamic_array[ni.number - 1] = 543;
| 
|   // work around unused variable warnings
|   return (!success || bignum == 0LL || ubignum == 0uLL || newvar[0] == 'x'
| 	  || dynamic_array[ni.number - 1] != 543);
| 
|   ;
|   return 0;
| }
configure:5399: /usr/bin/g++-4.8 -c   conftest.cpp >&5
conftest.cpp:76:29: error: expected ',' or '...' before 'text'
 test_restrict (ccp restrict text)
                             ^
conftest.cpp: In function 'int test_restrict(ccp)':
conftest.cpp:81:30: error: 'text' was not declared in this scope
   for (unsigned int i = 0; *(text+i) != '\0'; ++i)
                              ^
conftest.cpp: In function 'int main()':
conftest.cpp:130:18: error: expected initializer before 'newvar'
   char *restrict newvar = "Another string";
                  ^
conftest.cpp:138:70: error: invalid conversion from 'void*' to 'incomplete_array*' [-fpermissive]
     malloc (sizeof (struct incomplete_array) + (sizeof (double) * 10));
                                                                      ^
conftest.cpp:156:59: error: 'newvar' was not declared in this scope
   return (!success || bignum == 0LL || ubignum == 0uLL || newvar[0] == 'x'
                                                           ^
configure:5399: $? = 1
configure: failed program was:
| /* confdefs.h */
| #define PACKAGE_NAME "graph-tool"
| #define PACKAGE_TARNAME "graph-tool"
| #define PACKAGE_VERSION "2.2.44"
| #define PACKAGE_STRING "graph-tool 2.2.44"
| #define PACKAGE_BUGREPORT "http://graph-tool.skewed.de/tickets"
| #define PACKAGE_URL "http://graph-tool.skewed.de"
| #define PACKAGE "graph-tool"
| #define VERSION "2.2.44"
| #define STDC_HEADERS 1
| #define HAVE_SYS_TYPES_H 1
| #define HAVE_SYS_STAT_H 1
| #define HAVE_STDLIB_H 1
| #define HAVE_STRING_H 1
| #define HAVE_MEMORY_H 1
| #define HAVE_STRINGS_H 1
| #define HAVE_INTTYPES_H 1
| #define HAVE_STDINT_H 1
| #define HAVE_UNISTD_H 1
| #define __EXTENSIONS__ 1
| #define _ALL_SOURCE 1
| #define _GNU_SOURCE 1
| #define _POSIX_PTHREAD_SEMANTICS 1
| #define _TANDEM_SOURCE 1
| /* end confdefs.h.  */
| #include <stdarg.h>
| #include <stdbool.h>
| #include <stdlib.h>
| #include <wchar.h>
| #include <stdio.h>
| 
| // Check varargs macros.  These examples are taken from C99 6.10.3.5.
| #define debug(...) fprintf (stderr, __VA_ARGS__)
| #define showlist(...) puts (#__VA_ARGS__)
| #define report(test,...) ((test) ? puts (#test) : printf (__VA_ARGS__))
| static void
| test_varargs_macros (void)
| {
|   int x = 1234;
|   int y = 5678;
|   debug ("Flag");
|   debug ("X = %d\n", x);
|   showlist (The first, second, and third items.);
|   report (x>y, "x is %d but y is %d", x, y);
| }
| 
| // Check long long types.
| #define BIG64 18446744073709551615ull
| #define BIG32 4294967295ul
| #define BIG_OK (BIG64 / BIG32 == 4294967297ull && BIG64 % BIG32 == 0)
| #if !BIG_OK
|   your preprocessor is broken;
| #endif
| #if BIG_OK
| #else
|   your preprocessor is broken;
| #endif
| static long long int bignum = -9223372036854775807LL;
| static unsigned long long int ubignum = BIG64;
| 
| struct incomplete_array
| {
|   int datasize;
|   double data[];
| };
| 
| struct named_init {
|   int number;
|   const wchar_t *name;
|   double average;
| };
| 
| typedef const char *ccp;
| 
| static inline int
| test_restrict (ccp restrict text)
| {
|   // See if C++-style comments work.
|   // Iterate through items via the restricted pointer.
|   // Also check for declarations in for loops.
|   for (unsigned int i = 0; *(text+i) != '\0'; ++i)
|     continue;
|   return 0;
| }
| 
| // Check varargs and va_copy.
| static void
| test_varargs (const char *format, ...)
| {
|   va_list args;
|   va_start (args, format);
|   va_list args_copy;
|   va_copy (args_copy, args);
| 
|   const char *str;
|   int number;
|   float fnumber;
| 
|   while (*format)
|     {
|       switch (*format++)
| 	{
| 	case 's': // string
| 	  str = va_arg (args_copy, const char *);
| 	  break;
| 	case 'd': // int
| 	  number = va_arg (args_copy, int);
| 	  break;
| 	case 'f': // float
| 	  fnumber = va_arg (args_copy, double);
| 	  break;
| 	default:
| 	  break;
| 	}
|     }
|   va_end (args_copy);
|   va_end (args);
| }
| 
| int
| main ()
| {
| 
|   // Check bool.
|   _Bool success = false;
| 
|   // Check restrict.
|   if (test_restrict ("String literal") == 0)
|     success = true;
|   char *restrict newvar = "Another string";
| 
|   // Check varargs.
|   test_varargs ("s, d' f .", "string", 65, 34.234);
|   test_varargs_macros ();
| 
|   // Check flexible array members.
|   struct incomplete_array *ia =
|     malloc (sizeof (struct incomplete_array) + (sizeof (double) * 10));
|   ia->datasize = 10;
|   for (int i = 0; i < ia->datasize; ++i)
|     ia->data[i] = i * 1.234;
| 
|   // Check named initializers.
|   struct named_init ni = {
|     .number = 34,
|     .name = L"Test wide string",
|     .average = 543.34343,
|   };
| 
|   ni.number = 58;
| 
|   int dynamic_array[ni.number];
|   dynamic_array[ni.number - 1] = 543;
| 
|   // work around unused variable warnings
|   return (!success || bignum == 0LL || ubignum == 0uLL || newvar[0] == 'x'
| 	  || dynamic_array[ni.number - 1] != 543);
| 
|   ;
|   return 0;
| }
configure:5399: /usr/bin/g++-4.8 -c   conftest.cpp >&5
conftest.cpp:76:29: error: expected ',' or '...' before 'text'
 test_restrict (ccp restrict text)
                             ^
conftest.cpp: In function 'int test_restrict(ccp)':
conftest.cpp:81:30: error: 'text' was not declared in this scope
   for (unsigned int i = 0; *(text+i) != '\0'; ++i)
                              ^
conftest.cpp: In function 'int main()':
conftest.cpp:130:18: error: expected initializer before 'newvar'
   char *restrict newvar = "Another string";
                  ^
conftest.cpp:138:70: error: invalid conversion from 'void*' to 'incomplete_array*' [-fpermissive]
     malloc (sizeof (struct incomplete_array) + (sizeof (double) * 10));
                                                                      ^
conftest.cpp:156:59: error: 'newvar' was not declared in this scope
   return (!success || bignum == 0LL || ubignum == 0uLL || newvar[0] == 'x'
                                                           ^
configure:5399: $? = 1
configure: failed program was:
| /* confdefs.h */
| #define PACKAGE_NAME "graph-tool"
| #define PACKAGE_TARNAME "graph-tool"
| #define PACKAGE_VERSION "2.2.44"
| #define PACKAGE_STRING "graph-tool 2.2.44"
| #define PACKAGE_BUGREPORT "http://graph-tool.skewed.de/tickets"
| #define PACKAGE_URL "http://graph-tool.skewed.de"
| #define PACKAGE "graph-tool"
| #define VERSION "2.2.44"
| #define STDC_HEADERS 1
| #define HAVE_SYS_TYPES_H 1
| #define HAVE_SYS_STAT_H 1
| #define HAVE_STDLIB_H 1
| #define HAVE_STRING_H 1
| #define HAVE_MEMORY_H 1
| #define HAVE_STRINGS_H 1
| #define HAVE_INTTYPES_H 1
| #define HAVE_STDINT_H 1
| #define HAVE_UNISTD_H 1
| #define __EXTENSIONS__ 1
| #define _ALL_SOURCE 1
| #define _GNU_SOURCE 1
| #define _POSIX_PTHREAD_SEMANTICS 1
| #define _TANDEM_SOURCE 1
| /* end confdefs.h.  */
| #include <stdarg.h>
| #include <stdbool.h>
| #include <stdlib.h>
| #include <wchar.h>
| #include <stdio.h>
| 
| // Check varargs macros.  These examples are taken from C99 6.10.3.5.
| #define debug(...) fprintf (stderr, __VA_ARGS__)
| #define showlist(...) puts (#__VA_ARGS__)
| #define report(test,...) ((test) ? puts (#test) : printf (__VA_ARGS__))
| static void
| test_varargs_macros (void)
| {
|   int x = 1234;
|   int y = 5678;
|   debug ("Flag");
|   debug ("X = %d\n", x);
|   showlist (The first, second, and third items.);
|   report (x>y, "x is %d but y is %d", x, y);
| }
| 
| // Check long long types.
| #define BIG64 18446744073709551615ull
| #define BIG32 4294967295ul
| #define BIG_OK (BIG64 / BIG32 == 4294967297ull && BIG64 % BIG32 == 0)
| #if !BIG_OK
|   your preprocessor is broken;
| #endif
| #if BIG_OK
| #else
|   your preprocessor is broken;
| #endif
| static long long int bignum = -9223372036854775807LL;
| static unsigned long long int ubignum = BIG64;
| 
| struct incomplete_array
| {
|   int datasize;
|   double data[];
| };
| 
| struct named_init {
|   int number;
|   const wchar_t *name;
|   double average;
| };
| 
| typedef const char *ccp;
| 
| static inline int
| test_restrict (ccp restrict text)
| {
|   // See if C++-style comments work.
|   // Iterate through items via the restricted pointer.
|   // Also check for declarations in for loops.
|   for (unsigned int i = 0; *(text+i) != '\0'; ++i)
|     continue;
|   return 0;
| }
| 
| // Check varargs and va_copy.
| static void
| test_varargs (const char *format, ...)
| {
|   va_list args;
|   va_start (args, format);
|   va_list args_copy;
|   va_copy (args_copy, args);
| 
|   const char *str;
|   int number;
|   float fnumber;
| 
|   while (*format)
|     {
|       switch (*format++)
| 	{
| 	case 's': // string
| 	  str = va_arg (args_copy, const char *);
| 	  break;
| 	case 'd': // int
| 	  number = va_arg (args_copy, int);
| 	  break;
| 	case 'f': // float
| 	  fnumber = va_arg (args_copy, double);
| 	  break;
| 	default:
| 	  break;
| 	}
|     }
|   va_end (args_copy);
|   va_end (args);
| }
| 
| int
| main ()
| {
| 
|   // Check bool.
|   _Bool success = false;
| 
|   // Check restrict.
|   if (test_restrict ("String literal") == 0)
|     success = true;
|   char *restrict newvar = "Another string";
| 
|   // Check varargs.
|   test_varargs ("s, d' f .", "string", 65, 34.234);
|   test_varargs_macros ();
| 
|   // Check flexible array members.
|   struct incomplete_array *ia =
|     malloc (sizeof (struct incomplete_array) + (sizeof (double) * 10));
|   ia->datasize = 10;
|   for (int i = 0; i < ia->datasize; ++i)
|     ia->data[i] = i * 1.234;
| 
|   // Check named initializers.
|   struct named_init ni = {
|     .number = 34,
|     .name = L"Test wide string",
|     .average = 543.34343,
|   };
| 
|   ni.number = 58;
| 
|   int dynamic_array[ni.number];
|   dynamic_array[ni.number - 1] = 543;
| 
|   // work around unused variable warnings
|   return (!success || bignum == 0LL || ubignum == 0uLL || newvar[0] == 'x'
| 	  || dynamic_array[ni.number - 1] != 543);
| 
|   ;
|   return 0;
| }
configure:5399: /usr/bin/g++-4.8 -c   conftest.cpp >&5
conftest.cpp:76:29: error: expected ',' or '...' before 'text'
 test_restrict (ccp restrict text)
                             ^
conftest.cpp: In function 'int test_restrict(ccp)':
conftest.cpp:81:30: error: 'text' was not declared in this scope
   for (unsigned int i = 0; *(text+i) != '\0'; ++i)
                              ^
conftest.cpp: In function 'int main()':
conftest.cpp:130:18: error: expected initializer before 'newvar'
   char *restrict newvar = "Another string";
                  ^
conftest.cpp:138:70: error: invalid conversion from 'void*' to 'incomplete_array*' [-fpermissive]
     malloc (sizeof (struct incomplete_array) + (sizeof (double) * 10));
                                                                      ^
conftest.cpp:156:59: error: 'newvar' was not declared in this scope
   return (!success || bignum == 0LL || ubignum == 0uLL || newvar[0] == 'x'
                                                           ^
configure:5399: $? = 1
configure: failed program was:
| /* confdefs.h */
| #define PACKAGE_NAME "graph-tool"
| #define PACKAGE_TARNAME "graph-tool"
| #define PACKAGE_VERSION "2.2.44"
| #define PACKAGE_STRING "graph-tool 2.2.44"
| #define PACKAGE_BUGREPORT "http://graph-tool.skewed.de/tickets"
| #define PACKAGE_URL "http://graph-tool.skewed.de"
| #define PACKAGE "graph-tool"
| #define VERSION "2.2.44"
| #define STDC_HEADERS 1
| #define HAVE_SYS_TYPES_H 1
| #define HAVE_SYS_STAT_H 1
| #define HAVE_STDLIB_H 1
| #define HAVE_STRING_H 1
| #define HAVE_MEMORY_H 1
| #define HAVE_STRINGS_H 1
| #define HAVE_INTTYPES_H 1
| #define HAVE_STDINT_H 1
| #define HAVE_UNISTD_H 1
| #define __EXTENSIONS__ 1
| #define _ALL_SOURCE 1
| #define _GNU_SOURCE 1
| #define _POSIX_PTHREAD_SEMANTICS 1
| #define _TANDEM_SOURCE 1
| /* end confdefs.h.  */
| #include <stdarg.h>
| #include <stdbool.h>
| #include <stdlib.h>
| #include <wchar.h>
| #include <stdio.h>
| 
| // Check varargs macros.  These examples are taken from C99 6.10.3.5.
| #define debug(...) fprintf (stderr, __VA_ARGS__)
| #define showlist(...) puts (#__VA_ARGS__)
| #define report(test,...) ((test) ? puts (#test) : printf (__VA_ARGS__))
| static void
| test_varargs_macros (void)
| {
|   int x = 1234;
|   int y = 5678;
|   debug ("Flag");
|   debug ("X = %d\n", x);
|   showlist (The first, second, and third items.);
|   report (x>y, "x is %d but y is %d", x, y);
| }
| 
| // Check long long types.
| #define BIG64 18446744073709551615ull
| #define BIG32 4294967295ul
| #define BIG_OK (BIG64 / BIG32 == 4294967297ull && BIG64 % BIG32 == 0)
| #if !BIG_OK
|   your preprocessor is broken;
| #endif
| #if BIG_OK
| #else
|   your preprocessor is broken;
| #endif
| static long long int bignum = -9223372036854775807LL;
| static unsigned long long int ubignum = BIG64;
| 
| struct incomplete_array
| {
|   int datasize;
|   double data[];
| };
| 
| struct named_init {
|   int number;
|   const wchar_t *name;
|   double average;
| };
| 
| typedef const char *ccp;
| 
| static inline int
| test_restrict (ccp restrict text)
| {
|   // See if C++-style comments work.
|   // Iterate through items via the restricted pointer.
|   // Also check for declarations in for loops.
|   for (unsigned int i = 0; *(text+i) != '\0'; ++i)
|     continue;
|   return 0;
| }
| 
| // Check varargs and va_copy.
| static void
| test_varargs (const char *format, ...)
| {
|   va_list args;
|   va_start (args, format);
|   va_list args_copy;
|   va_copy (args_copy, args);
| 
|   const char *str;
|   int number;
|   float fnumber;
| 
|   while (*format)
|     {
|       switch (*format++)
| 	{
| 	case 's': // string
| 	  str = va_arg (args_copy, const char *);
| 	  break;
| 	case 'd': // int
| 	  number = va_arg (args_copy, int);
| 	  break;
| 	case 'f': // float
| 	  fnumber = va_arg (args_copy, double);
| 	  break;
| 	default:
| 	  break;
| 	}
|     }
|   va_end (args_copy);
|   va_end (args);
| }
| 
| int
| main ()
| {
| 
|   // Check bool.
|   _Bool success = false;
| 
|   // Check restrict.
|   if (test_restrict ("String literal") == 0)
|     success = true;
|   char *restrict newvar = "Another string";
| 
|   // Check varargs.
|   test_varargs ("s, d' f .", "string", 65, 34.234);
|   test_varargs_macros ();
| 
|   // Check flexible array members.
|   struct incomplete_array *ia =
|     malloc (sizeof (struct incomplete_array) + (sizeof (double) * 10));
|   ia->datasize = 10;
|   for (int i = 0; i < ia->datasize; ++i)
|     ia->data[i] = i * 1.234;
| 
|   // Check named initializers.
|   struct named_init ni = {
|     .number = 34,
|     .name = L"Test wide string",
|     .average = 543.34343,
|   };
| 
|   ni.number = 58;
| 
|   int dynamic_array[ni.number];
|   dynamic_array[ni.number - 1] = 543;
| 
|   // work around unused variable warnings
|   return (!success || bignum == 0LL || ubignum == 0uLL || newvar[0] == 'x'
| 	  || dynamic_array[ni.number - 1] != 543);
| 
|   ;
|   return 0;
| }
configure:5415: result: unsupported
configure:5425: checking for /usr/bin/gcc-4.8 option to accept ISO C89
configure:5501: result: none needed
configure:5520: checking for /usr/bin/gcc-4.8 option to accept ISO Standard C
configure:5531: result: none needed
configure:5544: checking how to run the C++ preprocessor
configure:5571: /usr/bin/g++-4.8 -E  conftest.cpp
configure:5571: $? = 0
configure:5585: /usr/bin/g++-4.8 -E  conftest.cpp
conftest.cpp:26:28: fatal error: ac_nonexistent.h: No such file or directory
 #include <ac_nonexistent.h>
                            ^
compilation terminated.
configure:5585: $? = 1
configure: failed program was:
| /* confdefs.h */
| #define PACKAGE_NAME "graph-tool"
| #define PACKAGE_TARNAME "graph-tool"
| #define PACKAGE_VERSION "2.2.44"
| #define PACKAGE_STRING "graph-tool 2.2.44"
| #define PACKAGE_BUGREPORT "http://graph-tool.skewed.de/tickets"
| #define PACKAGE_URL "http://graph-tool.skewed.de"
| #define PACKAGE "graph-tool"
| #define VERSION "2.2.44"
| #define STDC_HEADERS 1
| #define HAVE_SYS_TYPES_H 1
| #define HAVE_SYS_STAT_H 1
| #define HAVE_STDLIB_H 1
| #define HAVE_STRING_H 1
| #define HAVE_MEMORY_H 1
| #define HAVE_STRINGS_H 1
| #define HAVE_INTTYPES_H 1
| #define HAVE_STDINT_H 1
| #define HAVE_UNISTD_H 1
| #define __EXTENSIONS__ 1
| #define _ALL_SOURCE 1
| #define _GNU_SOURCE 1
| #define _POSIX_PTHREAD_SEMANTICS 1
| #define _TANDEM_SOURCE 1
| /* end confdefs.h.  */
| #include <ac_nonexistent.h>
configure:5610: result: /usr/bin/g++-4.8 -E
configure:5630: /usr/bin/g++-4.8 -E  conftest.cpp
configure:5630: $? = 0
configure:5644: /usr/bin/g++-4.8 -E  conftest.cpp
conftest.cpp:26:28: fatal error: ac_nonexistent.h: No such file or directory
 #include <ac_nonexistent.h>
                            ^
compilation terminated.
configure:5644: $? = 1
configure: failed program was:
| /* confdefs.h */
| #define PACKAGE_NAME "graph-tool"
| #define PACKAGE_TARNAME "graph-tool"
| #define PACKAGE_VERSION "2.2.44"
| #define PACKAGE_STRING "graph-tool 2.2.44"
| #define PACKAGE_BUGREPORT "http://graph-tool.skewed.de/tickets"
| #define PACKAGE_URL "http://graph-tool.skewed.de"
| #define PACKAGE "graph-tool"
| #define VERSION "2.2.44"
| #define STDC_HEADERS 1
| #define HAVE_SYS_TYPES_H 1
| #define HAVE_SYS_STAT_H 1
| #define HAVE_STDLIB_H 1
| #define HAVE_STRING_H 1
| #define HAVE_MEMORY_H 1
| #define HAVE_STRINGS_H 1
| #define HAVE_INTTYPES_H 1
| #define HAVE_STDINT_H 1
| #define HAVE_UNISTD_H 1
| #define __EXTENSIONS__ 1
| #define _ALL_SOURCE 1
| #define _GNU_SOURCE 1
| #define _POSIX_PTHREAD_SEMANTICS 1
| #define _TANDEM_SOURCE 1
| /* end confdefs.h.  */
| #include <ac_nonexistent.h>
configure:5673: checking for ANSI C header files
configure:5777: result: yes
configure:5845: checking build system type
configure:5859: result: x86_64-unknown-linux-gnu
configure:5879: checking host system type
configure:5892: result: x86_64-unknown-linux-gnu
configure:5933: checking how to print strings
configure:5960: result: printf
configure:5981: checking for a sed that does not truncate output
configure:6045: result: /bin/sed
configure:6063: checking for fgrep
configure:6125: result: /bin/grep -F
configure:6160: checking for ld used by /usr/bin/gcc-4.8
configure:6227: result: /usr/bin/ld
configure:6234: checking if the linker (/usr/bin/ld) is GNU ld
configure:6249: result: yes
configure:6261: checking for BSD- or MS-compatible name lister (nm)
configure:6315: result: /usr/bin/nm -B
configure:6445: checking the name lister (/usr/bin/nm -B) interface
configure:6452: /usr/bin/g++-4.8 -c   conftest.cpp >&5
configure:6455: /usr/bin/nm -B "conftest.o"
configure:6458: output
0000000000000000 B some_variable
configure:6465: result: BSD nm
configure:6468: checking whether ln -s works
configure:6472: result: yes
configure:6480: checking the maximum length of command line arguments
configure:6611: result: 1572864
configure:6659: checking how to convert x86_64-unknown-linux-gnu file names to x86_64-unknown-linux-gnu format
configure:6699: result: func_convert_file_noop
configure:6706: checking how to convert x86_64-unknown-linux-gnu file names to toolchain format
configure:6726: result: func_convert_file_noop
configure:6733: checking for /usr/bin/ld option to reload object files
configure:6740: result: -r
configure:6814: checking for objdump
configure:6830: found /usr/bin/objdump
configure:6841: result: objdump
configure:6873: checking how to recognize dependent libraries
configure:7073: result: pass_all
configure:7158: checking for dlltool
configure:7188: result: no
configure:7218: checking how to associate runtime and link libraries
configure:7245: result: printf %s\n
configure:7305: checking for ar
configure:7321: found /usr/bin/ar
configure:7332: result: ar
configure:7369: checking for archiver @FILE support
configure:7386: /usr/bin/g++-4.8 -c   conftest.cpp >&5
configure:7386: $? = 0
configure:7389: ar cru libconftest.a @conftest.lst >&5
ar: `u' modifier ignored since `D' is the default (see `U')
configure:7392: $? = 0
configure:7397: ar cru libconftest.a @conftest.lst >&5
ar: `u' modifier ignored since `D' is the default (see `U')
ar: conftest.o: No such file or directory
configure:7400: $? = 1
configure:7412: result: @
configure:7470: checking for strip
configure:7486: found /usr/bin/strip
configure:7497: result: strip
configure:7569: checking for ranlib
configure:7585: found /usr/bin/ranlib
configure:7596: result: ranlib
configure:7698: checking command to parse /usr/bin/nm -B output from /usr/bin/gcc-4.8 object
configure:7851: /usr/bin/g++-4.8 -c   conftest.cpp >&5
configure:7854: $? = 0
configure:7858: /usr/bin/nm -B conftest.o \| sed -n -e 's/^.*[ ]\([ABCDGIRSTW][ABCDGIRSTW]*\)[ ][ ]*\([_A-Za-z][_A-Za-z0-9]*\)$/\1 \2 \2/p' | sed '/ __gnu_lto/d' \> conftest.nm
configure:7861: $? = 0
configure:7927: /usr/bin/g++-4.8 -o conftest    conftest.cpp conftstm.o >&5
configure:7930: $? = 0
configure:7968: result: ok
configure:8015: checking for sysroot
configure:8045: result: no
configure:8052: checking for a working dd
configure:8090: result: /bin/dd
configure:8094: checking how to truncate binary pipes
configure:8109: result: /bin/dd bs=4096 count=1
configure:8245: /usr/bin/g++-4.8 -c   conftest.cpp >&5
configure:8248: $? = 0
configure:8438: checking for mt
configure:8454: found /bin/mt
configure:8465: result: mt
configure:8488: checking if mt is a manifest tool
configure:8494: mt '-?'
configure:8502: result: no
configure:9176: checking for dlfcn.h
configure:9176: /usr/bin/g++-4.8 -c   conftest.cpp >&5
configure:9176: $? = 0
configure:9176: result: yes
configure:9412: checking for objdir
configure:9427: result: .libs
configure:9687: checking if /usr/bin/gcc-4.8 supports -fno-rtti -fno-exceptions
configure:9705: /usr/bin/gcc-4.8 -c -g -O2  -fno-rtti -fno-exceptions conftest.c >&5
cc1: warning: command line option '-fno-rtti' is valid for C++/ObjC++ but not for C [enabled by default]
configure:9709: $? = 0
configure:9722: result: no
configure:10080: checking for /usr/bin/gcc-4.8 option to produce PIC
configure:10087: result: -fPIC -DPIC
configure:10095: checking if /usr/bin/gcc-4.8 PIC flag -fPIC -DPIC works
configure:10113: /usr/bin/gcc-4.8 -c -g -O2  -fPIC -DPIC -DPIC conftest.c >&5
configure:10117: $? = 0
configure:10130: result: yes
configure:10159: checking if /usr/bin/gcc-4.8 static flag -static works
configure:10187: result: yes
configure:10202: checking if /usr/bin/gcc-4.8 supports -c -o file.o
configure:10223: /usr/bin/gcc-4.8 -c -g -O2  -o out/conftest2.o conftest.c >&5
configure:10227: $? = 0
configure:10249: result: yes
configure:10257: checking if /usr/bin/gcc-4.8 supports -c -o file.o
configure:10304: result: yes
configure:10337: checking whether the /usr/bin/gcc-4.8 linker (/usr/bin/ld -m elf_x86_64) supports shared libraries
configure:11596: result: yes
configure:11633: checking whether -lc should be explicitly linked in
configure:11641: /usr/bin/gcc-4.8 -c -g -O2  conftest.c >&5
configure:11644: $? = 0
configure:11659: /usr/bin/gcc-4.8 -shared  -fPIC -DPIC conftest.o  -v -Wl,-soname -Wl,conftest -o conftest 2\>\&1 \| /bin/grep  -lc  \>/dev/null 2\>\&1
configure:11662: $? = 0
configure:11676: result: no
configure:11836: checking dynamic linker characteristics
configure:12417: /usr/bin/gcc-4.8 -o conftest -g -O2   -Wl,-rpath -Wl,/foo conftest.c  >&5
configure:12417: $? = 0
configure:12654: result: GNU/Linux ld.so
configure:12776: checking how to hardcode library paths into programs
configure:12801: result: immediate
configure:13349: checking whether stripping libraries is possible
configure:13354: result: yes
configure:13389: checking if libtool supports shared libraries
configure:13391: result: yes
configure:13394: checking whether to build shared libraries
configure:13419: result: yes
configure:13422: checking whether to build static libraries
configure:13426: result: no
configure:13449: checking how to run the C++ preprocessor
configure:13515: result: /usr/bin/g++-4.8 -E
configure:13535: /usr/bin/g++-4.8 -E  conftest.cpp
configure:13535: $? = 0
configure:13549: /usr/bin/g++-4.8 -E  conftest.cpp
conftest.cpp:29:28: fatal error: ac_nonexistent.h: No such file or directory
 #include <ac_nonexistent.h>
                            ^
compilation terminated.
configure:13549: $? = 1
configure: failed program was:
| /* confdefs.h */
| #define PACKAGE_NAME "graph-tool"
| #define PACKAGE_TARNAME "graph-tool"
| #define PACKAGE_VERSION "2.2.44"
| #define PACKAGE_STRING "graph-tool 2.2.44"
| #define PACKAGE_BUGREPORT "http://graph-tool.skewed.de/tickets"
| #define PACKAGE_URL "http://graph-tool.skewed.de"
| #define PACKAGE "graph-tool"
| #define VERSION "2.2.44"
| #define STDC_HEADERS 1
| #define HAVE_SYS_TYPES_H 1
| #define HAVE_SYS_STAT_H 1
| #define HAVE_STDLIB_H 1
| #define HAVE_STRING_H 1
| #define HAVE_MEMORY_H 1
| #define HAVE_STRINGS_H 1
| #define HAVE_INTTYPES_H 1
| #define HAVE_STDINT_H 1
| #define HAVE_UNISTD_H 1
| #define __EXTENSIONS__ 1
| #define _ALL_SOURCE 1
| #define _GNU_SOURCE 1
| #define _POSIX_PTHREAD_SEMANTICS 1
| #define _TANDEM_SOURCE 1
| #define STDC_HEADERS 1
| #define HAVE_DLFCN_H 1
| #define LT_OBJDIR ".libs/"
| /* end confdefs.h.  */
| #include <ac_nonexistent.h>
configure:13711: checking for ld used by /usr/bin/g++-4.8
configure:13778: result: /usr/bin/ld -m elf_x86_64
configure:13785: checking if the linker (/usr/bin/ld -m elf_x86_64) is GNU ld
configure:13800: result: yes
configure:13855: checking whether the /usr/bin/g++-4.8 linker (/usr/bin/ld -m elf_x86_64) supports shared libraries
configure:14928: result: yes
configure:14964: /usr/bin/g++-4.8 -c   conftest.cpp >&5
configure:14967: $? = 0
configure:15448: checking for /usr/bin/g++-4.8 option to produce PIC
configure:15455: result: -fPIC -DPIC
configure:15463: checking if /usr/bin/g++-4.8 PIC flag -fPIC -DPIC works
configure:15481: /usr/bin/g++-4.8 -c   -fPIC -DPIC -DPIC conftest.cpp >&5
configure:15485: $? = 0
configure:15498: result: yes
configure:15521: checking if /usr/bin/g++-4.8 static flag -static works
configure:15549: result: yes
configure:15561: checking if /usr/bin/g++-4.8 supports -c -o file.o
configure:15582: /usr/bin/g++-4.8 -c   -o out/conftest2.o conftest.cpp >&5
configure:15586: $? = 0
configure:15608: result: yes
configure:15613: checking if /usr/bin/g++-4.8 supports -c -o file.o
configure:15660: result: yes
configure:15690: checking whether the /usr/bin/g++-4.8 linker (/usr/bin/ld -m elf_x86_64) supports shared libraries
configure:15730: result: yes
configure:15871: checking dynamic linker characteristics
configure:16616: result: GNU/Linux ld.so
configure:16681: checking how to hardcode library paths into programs
configure:16706: result: immediate
configure:16768: checking target system type
configure:16781: result: x86_64-unknown-linux-gnu
configure:16811: checking whether to enable debug info...
configure:16831: result: no
configure:16839: checking whether C++ compiler supports -std=gnu++11
configure:16852: /usr/bin/g++-4.8 -c -Wall -Wextra -ftemplate-backtrace-limit=0  -DNDEBUG -std=gnu++11  conftest.cpp >&5
configure:16852: $? = 0
configure:16853: result: yes
configure:16866: checking whether to enable function inlining...
configure:16886: result: yes
configure:16901: checking whether to enable optimizations...
configure:16917: result: yes
configure:16923: checking whether to enable symbol visibility manipulation...
configure:16939: result: yes
configure:16962: checking whether to enable parallel algorithms with openmp...
configure:16983: result: no
configure:16991: checking whether to enable cairo drawing...
configure:17005: result: yes
configure:17017: checking for main in -lm
configure:17036: /usr/bin/g++-4.8 -o conftest -Wall -Wextra -ftemplate-backtrace-limit=0  -DNDEBUG -std=gnu++11 -ftemplate-depth-250 -Wno-deprecated -Wno-unknown-pragmas -O3 -fvisibility=default -fvisibility-inlines-hidden -Wno-unknown-pragmas   conftest.cpp -lm   >&5
configure:17036: $? = 0
configure:17045: result: yes
configure:17057: checking for main in -lbz2
configure:17076: /usr/bin/g++-4.8 -o conftest -Wall -Wextra -ftemplate-backtrace-limit=0  -DNDEBUG -std=gnu++11 -ftemplate-depth-250 -Wno-deprecated -Wno-unknown-pragmas -O3 -fvisibility=default -fvisibility-inlines-hidden -Wno-unknown-pragmas   conftest.cpp -lbz2  -lm  >&5
/usr/bin/ld: cannot find -lbz2
collect2: error: ld returned 1 exit status
configure:17076: $? = 1
configure: failed program was:
| /* confdefs.h */
| #define PACKAGE_NAME "graph-tool"
| #define PACKAGE_TARNAME "graph-tool"
| #define PACKAGE_VERSION "2.2.44"
| #define PACKAGE_STRING "graph-tool 2.2.44"
| #define PACKAGE_BUGREPORT "http://graph-tool.skewed.de/tickets"
| #define PACKAGE_URL "http://graph-tool.skewed.de"
| #define PACKAGE "graph-tool"
| #define VERSION "2.2.44"
| #define STDC_HEADERS 1
| #define HAVE_SYS_TYPES_H 1
| #define HAVE_SYS_STAT_H 1
| #define HAVE_STDLIB_H 1
| #define HAVE_STRING_H 1
| #define HAVE_MEMORY_H 1
| #define HAVE_STRINGS_H 1
| #define HAVE_INTTYPES_H 1
| #define HAVE_STDINT_H 1
| #define HAVE_UNISTD_H 1
| #define __EXTENSIONS__ 1
| #define _ALL_SOURCE 1
| #define _GNU_SOURCE 1
| #define _POSIX_PTHREAD_SEMANTICS 1
| #define _TANDEM_SOURCE 1
| #define STDC_HEADERS 1
| #define HAVE_DLFCN_H 1
| #define LT_OBJDIR ".libs/"
| #define HAVE_LIBM 1
| /* end confdefs.h.  */
| 
| 
| int
| main ()
| {
| return main ();
|   ;
|   return 0;
| }
configure:17085: result: no
configure:17097: checking for main in -lexpat
configure:17116: /usr/bin/g++-4.8 -o conftest -Wall -Wextra -ftemplate-backtrace-limit=0  -DNDEBUG -std=gnu++11 -ftemplate-depth-250 -Wno-deprecated -Wno-unknown-pragmas -O3 -fvisibility=default -fvisibility-inlines-hidden -Wno-unknown-pragmas   conftest.cpp -lexpat  -lm  >&5
configure:17116: $? = 0
configure:17125: result: yes
configure:17175: checking for a Python interpreter with version >= 2.6
configure:17192: python -c import sys # split strings by '.' and convert to numeric. Append some zeros # because we need at least 4 digits for the hex conversion. # map returns an iterator in Python 3.0 and a list in 2.x minver = list(map(int, '2.6'.split('.'))) + [0, 0, 0] minverhex = 0 # xrange is not present in Python 3.0 and range returns an iterator for i in list(range(0, 4)): minverhex = (minverhex << 8) + minver[i] sys.exit(sys.hexversion < minverhex)
configure:17195: $? = 0
configure:17201: result: python
configure:17209: checking for python
configure:17227: found /home/martinez/anaconda2/bin/python
configure:17239: result: /home/martinez/anaconda2/bin/python
configure:17257: checking for python version
configure:17264: result: 2.7
configure:17276: checking for python platform
configure:17283: result: linux2
configure:17309: checking for python script directory
configure:17344: result: ${prefix}/lib/python2.7/site-packages
configure:17353: checking for python extension module directory
configure:17388: result: ${exec_prefix}/lib/python2.7/site-packages
configure:17413: checking for python2.7
configure:17443: result: /home/martinez/anaconda2/bin/python
configure:17459: checking for a version of Python >= '2.1.0'
configure:17485: result: yes
configure:17493: checking for a version of Python == '2.7.15'
configure:17499: result: yes
configure:17516: checking for the distutils Python package
configure:17520: result: yes
configure:17534: checking for Python include path
configure:17550: result: -I/home/martinez/anaconda2/include/python2.7
configure:17557: checking for Python library path
configure:17634: result: -L/home/martinez/anaconda2/lib -lpython2.7
configure:17641: checking for Python site-packages path
configure:17647: result: /home/martinez/anaconda2/lib/python2.7/site-packages
configure:17654: checking python extra libraries
configure:17661: result: -lpthread -ldl -lutil -lm
configure:17668: checking python extra linking flags
configure:17675: result: -Xlinker -export-dynamic
configure:17682: checking consistency of all components of python development environment
configure:17708: /usr/bin/gcc-4.8 -o conftest -g -O2  -I/home/martinez/anaconda2/include/python2.7  conftest.c -lexpat -lm  -L/home/martinez/anaconda2/lib -lpython2.7 -Xlinker -export-dynamic -lpthread -ldl -lutil -lm >&5
configure:17708: $? = 0
configure:17725: result: yes
configure:17819: checking for boostlib >= 1.53.0
configure:17873: /usr/bin/g++-4.8 -c -Wall -Wextra -ftemplate-backtrace-limit=0  -DNDEBUG -std=gnu++11 -ftemplate-depth-250 -Wno-deprecated -Wno-unknown-pragmas -O3 -fvisibility=default -fvisibility-inlines-hidden -Wno-unknown-pragmas  -I/home/martinez/anaconda2/include/python2.7 -I/usr/include conftest.cpp >&5
configure:17873: $? = 0
configure:17875: result: yes
configure:18009: checking whether the Boost::Python library is available
configure:18039: /usr/bin/g++-4.8 -c -Wall -Wextra -ftemplate-backtrace-limit=0  -DNDEBUG -std=gnu++11 -ftemplate-depth-250 -Wno-deprecated -Wno-unknown-pragmas -O3 -fvisibility=default -fvisibility-inlines-hidden -Wno-unknown-pragmas -I/home/martinez/anaconda2/include/python2.7  -I/home/martinez/anaconda2/include/python2.7 conftest.cpp >&5
configure:18039: $? = 0
configure:18054: result: yes
configure:18073: checking for exit in -lboost_python
configure:18098: /usr/bin/g++-4.8 -o conftest -Wall -Wextra -ftemplate-backtrace-limit=0  -DNDEBUG -std=gnu++11 -ftemplate-depth-250 -Wno-deprecated -Wno-unknown-pragmas -O3 -fvisibility=default -fvisibility-inlines-hidden -Wno-unknown-pragmas  -I/home/martinez/anaconda2/include/python2.7  -L/home/martinez/anaconda2/lib -lpython2.7 conftest.cpp -lboost_python -L/home/martinez/anaconda2/lib -lpython2.7 -lexpat -lm  >&5
configure:18098: $? = 0
configure:18108: result: yes
configure:18121: checking whether the Boost::Iostreams library is available
configure:18155: /usr/bin/g++-4.8 -c -Wall -Wextra -ftemplate-backtrace-limit=0  -DNDEBUG -std=gnu++11 -ftemplate-depth-250 -Wno-deprecated -Wno-unknown-pragmas -O3 -fvisibility=default -fvisibility-inlines-hidden -Wno-unknown-pragmas  -I/home/martinez/anaconda2/include/python2.7 conftest.cpp >&5
configure:18155: $? = 0
configure:18170: result: yes
configure:18188: checking for exit in -lboost_iostreams
configure:18213: /usr/bin/g++-4.8 -o conftest -Wall -Wextra -ftemplate-backtrace-limit=0  -DNDEBUG -std=gnu++11 -ftemplate-depth-250 -Wno-deprecated -Wno-unknown-pragmas -O3 -fvisibility=default -fvisibility-inlines-hidden -Wno-unknown-pragmas  -I/home/martinez/anaconda2/include/python2.7  -L/home/martinez/anaconda2/lib -lpython2.7 conftest.cpp -lboost_iostreams  -lexpat -lm  >&5
configure:18213: $? = 0
configure:18223: result: yes
configure:18236: checking whether the Boost::Regex library is available
configure:18265: /usr/bin/g++-4.8 -c -Wall -Wextra -ftemplate-backtrace-limit=0  -DNDEBUG -std=gnu++11 -ftemplate-depth-250 -Wno-deprecated -Wno-unknown-pragmas -O3 -fvisibility=default -fvisibility-inlines-hidden -Wno-unknown-pragmas  -I/home/martinez/anaconda2/include/python2.7 conftest.cpp >&5
configure:18265: $? = 0
configure:18280: result: yes
configure:18298: checking for exit in -lboost_regex
configure:18323: /usr/bin/g++-4.8 -o conftest -Wall -Wextra -ftemplate-backtrace-limit=0  -DNDEBUG -std=gnu++11 -ftemplate-depth-250 -Wno-deprecated -Wno-unknown-pragmas -O3 -fvisibility=default -fvisibility-inlines-hidden -Wno-unknown-pragmas  -I/home/martinez/anaconda2/include/python2.7  -L/home/martinez/anaconda2/lib -lpython2.7 conftest.cpp -lboost_regex  -lexpat -lm  >&5
configure:18323: $? = 0
configure:18333: result: yes
configure:18347: checking whether the Boost::Graph library is available
configure:18378: /usr/bin/g++-4.8 -c -Wall -Wextra -ftemplate-backtrace-limit=0  -DNDEBUG -std=gnu++11 -ftemplate-depth-250 -Wno-deprecated -Wno-unknown-pragmas -O3 -fvisibility=default -fvisibility-inlines-hidden -Wno-unknown-pragmas  -I/home/martinez/anaconda2/include/python2.7 conftest.cpp >&5
configure:18378: $? = 0
configure:18393: result: yes
configure:18411: checking for exit in -lboost_graph
configure:18436: /usr/bin/g++-4.8 -o conftest -Wall -Wextra -ftemplate-backtrace-limit=0  -DNDEBUG -std=gnu++11 -ftemplate-depth-250 -Wno-deprecated -Wno-unknown-pragmas -O3 -fvisibility=default -fvisibility-inlines-hidden -Wno-unknown-pragmas  -I/home/martinez/anaconda2/include/python2.7  -L/home/martinez/anaconda2/lib -lpython2.7 conftest.cpp -lboost_graph  -lexpat -lm  >&5
configure:18436: $? = 0
configure:18446: result: yes
configure:18462: checking for main in -lCGAL
configure:18481: /usr/bin/g++-4.8 -o conftest -Wall -Wextra -ftemplate-backtrace-limit=0  -DNDEBUG -std=gnu++11 -ftemplate-depth-250 -Wno-deprecated -Wno-unknown-pragmas -O3 -fvisibility=default -fvisibility-inlines-hidden -Wno-unknown-pragmas  -I/home/martinez/anaconda2/include/python2.7 -I/usr/include  -L/home/martinez/anaconda2/lib -lpython2.7 conftest.cpp -lCGAL  -lexpat -lm  >&5
configure:18481: $? = 0
configure:18490: result: yes
configure:18504: checking whether to cgal debbuging with valgrind...
configure:18518: result: no
configure:18532: checking python module: numpy
configure:18537: result: yes
configure:18560: checking for /home/martinez/anaconda2/lib/python2.7/site-packages/numpy/core/include/numpy/arrayobject.h
configure:18560: /usr/bin/g++-4.8 -c -Wall -Wextra -ftemplate-backtrace-limit=0  -DNDEBUG -std=gnu++11 -ftemplate-depth-250 -Wno-deprecated -Wno-unknown-pragmas -O3 -fvisibility=default -fvisibility-inlines-hidden -Wno-unknown-pragmas  -I/home/martinez/anaconda2/include/python2.7 -I/usr/include conftest.cpp >&5
In file included from /home/martinez/anaconda2/lib/python2.7/site-packages/numpy/core/include/numpy/ndarraytypes.h:1823:0,
                 from /home/martinez/anaconda2/lib/python2.7/site-packages/numpy/core/include/numpy/ndarrayobject.h:18,
                 from /home/martinez/anaconda2/lib/python2.7/site-packages/numpy/core/include/numpy/arrayobject.h:4,
                 from conftest.cpp:40:
/home/martinez/anaconda2/lib/python2.7/site-packages/numpy/core/include/numpy/npy_1_7_deprecated_api.h:15:2: warning: #warning "Using deprecated NumPy API, disable it by " "#defining NPY_NO_DEPRECATED_API NPY_1_7_API_VERSION" [-Wcpp]
 #warning "Using deprecated NumPy API, disable it by " \
  ^
configure:18560: $? = 0
configure:18560: result: yes
configure:18576: checking python module: scipy
configure:18581: result: yes
configure:18604: checking /home/martinez/anaconda2/lib/python2.7/site-packages/scipy/weave/scxx/object.h usability
configure:18604: /usr/bin/g++-4.8 -c -Wall -Wextra -ftemplate-backtrace-limit=0  -DNDEBUG -std=gnu++11 -ftemplate-depth-250 -Wno-deprecated -Wno-unknown-pragmas -O3 -fvisibility=default -fvisibility-inlines-hidden -Wno-unknown-pragmas  -I/home/martinez/anaconda2/include/python2.7 -I/usr/include -I/home/martinez/anaconda2/lib/python2.7/site-packages/numpy/core/include conftest.cpp >&5
conftest.cpp:71:90: fatal error: /home/martinez/anaconda2/lib/python2.7/site-packages/scipy/weave/scxx/object.h: No such file or directory
 #include </home/martinez/anaconda2/lib/python2.7/site-packages/scipy/weave/scxx/object.h>
                                                                                          ^
compilation terminated.
configure:18604: $? = 1
configure: failed program was:
| /* confdefs.h */
| #define PACKAGE_NAME "graph-tool"
| #define PACKAGE_TARNAME "graph-tool"
| #define PACKAGE_VERSION "2.2.44"
| #define PACKAGE_STRING "graph-tool 2.2.44"
| #define PACKAGE_BUGREPORT "http://graph-tool.skewed.de/tickets"
| #define PACKAGE_URL "http://graph-tool.skewed.de"
| #define PACKAGE "graph-tool"
| #define VERSION "2.2.44"
| #define STDC_HEADERS 1
| #define HAVE_SYS_TYPES_H 1
| #define HAVE_SYS_STAT_H 1
| #define HAVE_STDLIB_H 1
| #define HAVE_STRING_H 1
| #define HAVE_MEMORY_H 1
| #define HAVE_STRINGS_H 1
| #define HAVE_INTTYPES_H 1
| #define HAVE_STDINT_H 1
| #define HAVE_UNISTD_H 1
| #define __EXTENSIONS__ 1
| #define _ALL_SOURCE 1
| #define _GNU_SOURCE 1
| #define _POSIX_PTHREAD_SEMANTICS 1
| #define _TANDEM_SOURCE 1
| #define STDC_HEADERS 1
| #define HAVE_DLFCN_H 1
| #define LT_OBJDIR ".libs/"
| #define HAVE_LIBM 1
| #define HAVE_LIBEXPAT 1
| #define HAVE_PYTHON "2.7"
| #define HAVE_BOOST /**/
| #define HAVE_BOOST_PYTHON /**/
| #define HAVE_BOOST_IOSTREAMS /**/
| #define HAVE_BOOST_REGEX /**/
| #define HAVE_BOOST_GRAPH /**/
| #define HAVE_LIBCGAL 1
| /* end confdefs.h.  */
| #include <stdio.h>
| #ifdef HAVE_SYS_TYPES_H
| # include <sys/types.h>
| #endif
| #ifdef HAVE_SYS_STAT_H
| # include <sys/stat.h>
| #endif
| #ifdef STDC_HEADERS
| # include <stdlib.h>
| # include <stddef.h>
| #else
| # ifdef HAVE_STDLIB_H
| #  include <stdlib.h>
| # endif
| #endif
| #ifdef HAVE_STRING_H
| # if !defined STDC_HEADERS && defined HAVE_MEMORY_H
| #  include <memory.h>
| # endif
| # include <string.h>
| #endif
| #ifdef HAVE_STRINGS_H
| # include <strings.h>
| #endif
| #ifdef HAVE_INTTYPES_H
| # include <inttypes.h>
| #endif
| #ifdef HAVE_STDINT_H
| # include <stdint.h>
| #endif
| #ifdef HAVE_UNISTD_H
| # include <unistd.h>
| #endif
| #include </home/martinez/anaconda2/lib/python2.7/site-packages/scipy/weave/scxx/object.h>
configure:18604: result: no
configure:18604: checking /home/martinez/anaconda2/lib/python2.7/site-packages/scipy/weave/scxx/object.h presence
configure:18604: /usr/bin/g++-4.8 -E  -I/home/martinez/anaconda2/include/python2.7 -I/usr/include -I/home/martinez/anaconda2/lib/python2.7/site-packages/numpy/core/include conftest.cpp
conftest.cpp:38:90: fatal error: /home/martinez/anaconda2/lib/python2.7/site-packages/scipy/weave/scxx/object.h: No such file or directory
 #include </home/martinez/anaconda2/lib/python2.7/site-packages/scipy/weave/scxx/object.h>
                                                                                          ^
compilation terminated.
configure:18604: $? = 1
configure: failed program was:
| /* confdefs.h */
| #define PACKAGE_NAME "graph-tool"
| #define PACKAGE_TARNAME "graph-tool"
| #define PACKAGE_VERSION "2.2.44"
| #define PACKAGE_STRING "graph-tool 2.2.44"
| #define PACKAGE_BUGREPORT "http://graph-tool.skewed.de/tickets"
| #define PACKAGE_URL "http://graph-tool.skewed.de"
| #define PACKAGE "graph-tool"
| #define VERSION "2.2.44"
| #define STDC_HEADERS 1
| #define HAVE_SYS_TYPES_H 1
| #define HAVE_SYS_STAT_H 1
| #define HAVE_STDLIB_H 1
| #define HAVE_STRING_H 1
| #define HAVE_MEMORY_H 1
| #define HAVE_STRINGS_H 1
| #define HAVE_INTTYPES_H 1
| #define HAVE_STDINT_H 1
| #define HAVE_UNISTD_H 1
| #define __EXTENSIONS__ 1
| #define _ALL_SOURCE 1
| #define _GNU_SOURCE 1
| #define _POSIX_PTHREAD_SEMANTICS 1
| #define _TANDEM_SOURCE 1
| #define STDC_HEADERS 1
| #define HAVE_DLFCN_H 1
| #define LT_OBJDIR ".libs/"
| #define HAVE_LIBM 1
| #define HAVE_LIBEXPAT 1
| #define HAVE_PYTHON "2.7"
| #define HAVE_BOOST /**/
| #define HAVE_BOOST_PYTHON /**/
| #define HAVE_BOOST_IOSTREAMS /**/
| #define HAVE_BOOST_REGEX /**/
| #define HAVE_BOOST_GRAPH /**/
| #define HAVE_LIBCGAL 1
| /* end confdefs.h.  */
| #include </home/martinez/anaconda2/lib/python2.7/site-packages/scipy/weave/scxx/object.h>
configure:18604: result: no
configure:18604: checking for /home/martinez/anaconda2/lib/python2.7/site-packages/scipy/weave/scxx/object.h
configure:18604: result: no
configure:18611: WARNING: Scipy weave/scxx header not found! (Ignore this if python 3 is being used.)
configure:18617: checking expat.h usability
configure:18617: /usr/bin/g++-4.8 -c -Wall -Wextra -ftemplate-backtrace-limit=0  -DNDEBUG -std=gnu++11 -ftemplate-depth-250 -Wno-deprecated -Wno-unknown-pragmas -O3 -fvisibility=default -fvisibility-inlines-hidden -Wno-unknown-pragmas  -I/home/martinez/anaconda2/include/python2.7 -I/usr/include -I/home/martinez/anaconda2/lib/python2.7/site-packages/numpy/core/include conftest.cpp >&5
configure:18617: $? = 0
configure:18617: result: yes
configure:18617: checking expat.h presence
configure:18617: /usr/bin/g++-4.8 -E  -I/home/martinez/anaconda2/include/python2.7 -I/usr/include -I/home/martinez/anaconda2/lib/python2.7/site-packages/numpy/core/include conftest.cpp
configure:18617: $? = 0
configure:18617: result: yes
configure:18617: checking for expat.h
configure:18617: result: yes
configure:18626: checking CGAL/version.h usability
configure:18626: /usr/bin/g++-4.8 -c -Wall -Wextra -ftemplate-backtrace-limit=0  -DNDEBUG -std=gnu++11 -ftemplate-depth-250 -Wno-deprecated -Wno-unknown-pragmas -O3 -fvisibility=default -fvisibility-inlines-hidden -Wno-unknown-pragmas  -I/home/martinez/anaconda2/include/python2.7 -I/usr/include -I/home/martinez/anaconda2/lib/python2.7/site-packages/numpy/core/include conftest.cpp >&5
configure:18626: $? = 0
configure:18626: result: yes
configure:18626: checking CGAL/version.h presence
configure:18626: /usr/bin/g++-4.8 -E  -I/home/martinez/anaconda2/include/python2.7 -I/usr/include -I/home/martinez/anaconda2/lib/python2.7/site-packages/numpy/core/include conftest.cpp
configure:18626: $? = 0
configure:18626: result: yes
configure:18626: checking for CGAL/version.h
configure:18626: result: yes
configure:18691: checking for pkg-config
configure:18709: found /usr/bin/pkg-config
configure:18721: result: /usr/bin/pkg-config
configure:18746: checking pkg-config is at least version 0.9.0
configure:18749: result: yes
configure:18759: checking for CAIROMM
configure:18766: $PKG_CONFIG --exists --print-errors "cairomm-1.0"
configure:18769: $? = 0
configure:18783: $PKG_CONFIG --exists --print-errors "cairomm-1.0"
configure:18786: $? = 0
configure:18844: result: yes
configure:18858: checking python module: cairo
configure:18863: result: yes
configure:18882: checking pycairo/pycairo.h usability
configure:18882: /usr/bin/g++-4.8 -c -Wall -Wextra -ftemplate-backtrace-limit=0  -DNDEBUG -std=gnu++11 -ftemplate-depth-250 -Wno-deprecated -Wno-unknown-pragmas -O3 -fvisibility=default -fvisibility-inlines-hidden -Wno-unknown-pragmas -I/usr/include/cairomm-1.0 -I/usr/lib/x86_64-linux-gnu/cairomm-1.0/include -I/usr/include/cairo -I/usr/include/glib-2.0 -I/usr/lib/x86_64-linux-gnu/glib-2.0/include -I/usr/include/pixman-1 -I/usr/include/freetype2 -I/usr/include/libpng16 -I/usr/include/freetype2 -I/usr/include/libpng12 -I/usr/include/sigc++-2.0 -I/usr/lib/x86_64-linux-gnu/sigc++-2.0/include  -I/home/martinez/anaconda2/include/python2.7 -I/usr/include -I/home/martinez/anaconda2/lib/python2.7/site-packages/numpy/core/include -I/usr/include/cairomm-1.0 -I/usr/lib/x86_64-linux-gnu/cairomm-1.0/include -I/usr/include/cairo -I/usr/include/glib-2.0 -I/usr/lib/x86_64-linux-gnu/glib-2.0/include -I/usr/include/pixman-1 -I/usr/include/freetype2 -I/usr/include/libpng16 -I/usr/include/freetype2 -I/usr/include/libpng12 -I/usr/include/sigc++-2.0 -I/usr/lib/x86_64-linux-gnu/sigc++-2.0/include conftest.cpp >&5
configure:18882: $? = 0
configure:18882: result: yes
configure:18882: checking pycairo/pycairo.h presence
configure:18882: /usr/bin/g++-4.8 -E  -I/home/martinez/anaconda2/include/python2.7 -I/usr/include -I/home/martinez/anaconda2/lib/python2.7/site-packages/numpy/core/include -I/usr/include/cairomm-1.0 -I/usr/lib/x86_64-linux-gnu/cairomm-1.0/include -I/usr/include/cairo -I/usr/include/glib-2.0 -I/usr/lib/x86_64-linux-gnu/glib-2.0/include -I/usr/include/pixman-1 -I/usr/include/freetype2 -I/usr/include/libpng16 -I/usr/include/freetype2 -I/usr/include/libpng12 -I/usr/include/sigc++-2.0 -I/usr/lib/x86_64-linux-gnu/sigc++-2.0/include conftest.cpp
configure:18882: $? = 0
configure:18882: result: yes
configure:18882: checking for pycairo/pycairo.h
configure:18882: result: yes
configure:18903: checking whether to enable sparsehash...
configure:18909: result: no
configure:19259: checking that generated files are newer than configure
configure:19265: result: done
configure:19296: creating ./config.status

## ---------------------- ##
## Running config.status. ##
## ---------------------- ##

This file was extended by graph-tool config.status 2.2.44, which was
generated by GNU Autoconf 2.69.  Invocation command line was

  CONFIG_FILES    = 
  CONFIG_HEADERS  = 
  CONFIG_LINKS    = 
  CONFIG_COMMANDS = 
  $ ./config.status 

on martinez-laptop

config.status:1246: creating Makefile
config.status:1246: creating src/Makefile
config.status:1246: creating src/graph/Makefile
config.status:1246: creating src/graph/centrality/Makefile
config.status:1246: creating src/graph/clustering/Makefile
config.status:1246: creating src/graph/community/Makefile
config.status:1246: creating src/graph/correlations/Makefile
config.status:1246: creating src/graph/draw/Makefile
config.status:1246: creating src/graph/flow/Makefile
config.status:1246: creating src/graph/generation/Makefile
config.status:1246: creating src/graph/layout/Makefile
config.status:1246: creating src/graph/search/Makefile
config.status:1246: creating src/graph/spectral/Makefile
config.status:1246: creating src/graph/stats/Makefile
config.status:1246: creating src/graph/topology/Makefile
config.status:1246: creating src/graph/util/Makefile
config.status:1246: creating src/graph_tool/Makefile
config.status:1246: creating config.h
config.status:1475: executing depfiles commands
config.status:1475: executing libtool commands

## ---------------- ##
## Cache variables. ##
## ---------------- ##

ac_cv_boost_graph=yes
ac_cv_boost_iostreams=yes
ac_cv_boost_python=yes
ac_cv_boost_regex=yes
ac_cv_build=x86_64-unknown-linux-gnu
ac_cv_c_compiler_gnu=yes
ac_cv_cxx_compiler_gnu=yes
ac_cv_env_CAIROMM_CFLAGS_set=
ac_cv_env_CAIROMM_CFLAGS_value=
ac_cv_env_CAIROMM_LIBS_set=
ac_cv_env_CAIROMM_LIBS_value=
ac_cv_env_CCC_set=
ac_cv_env_CCC_value=
ac_cv_env_CC_set=set
ac_cv_env_CC_value=/usr/bin/gcc-4.8
ac_cv_env_CFLAGS_set=
ac_cv_env_CFLAGS_value=
ac_cv_env_CPPFLAGS_set=
ac_cv_env_CPPFLAGS_value=
ac_cv_env_CPP_set=
ac_cv_env_CPP_value=
ac_cv_env_CXXCPP_set=
ac_cv_env_CXXCPP_value=
ac_cv_env_CXXFLAGS_set=
ac_cv_env_CXXFLAGS_value=
ac_cv_env_CXX_set=set
ac_cv_env_CXX_value=/usr/bin/g++-4.8
ac_cv_env_LDFLAGS_set=
ac_cv_env_LDFLAGS_value=
ac_cv_env_LIBS_set=
ac_cv_env_LIBS_value=
ac_cv_env_LT_SYS_LIBRARY_PATH_set=
ac_cv_env_LT_SYS_LIBRARY_PATH_value=
ac_cv_env_PKG_CONFIG_LIBDIR_set=
ac_cv_env_PKG_CONFIG_LIBDIR_value=
ac_cv_env_PKG_CONFIG_PATH_set=
ac_cv_env_PKG_CONFIG_PATH_value=
ac_cv_env_PKG_CONFIG_set=
ac_cv_env_PKG_CONFIG_value=
ac_cv_env_PYTHON_VERSION_set=
ac_cv_env_PYTHON_VERSION_value=
ac_cv_env_PYTHON_set=
ac_cv_env_PYTHON_value=
ac_cv_env_SPARSEHASH_CFLAGS_set=
ac_cv_env_SPARSEHASH_CFLAGS_value=
ac_cv_env_SPARSEHASH_LIBS_set=
ac_cv_env_SPARSEHASH_LIBS_value=
ac_cv_env_build_alias_set=
ac_cv_env_build_alias_value=
ac_cv_env_host_alias_set=
ac_cv_env_host_alias_value=
ac_cv_env_target_alias_set=
ac_cv_env_target_alias_value=
ac_cv_header_CGAL_version_h=yes
ac_cv_header__home_martinez_anaconda2_lib_python2_7_site_packages_numpy_core_include_numpy_arrayobject_h=yes
ac_cv_header__home_martinez_anaconda2_lib_python2_7_site_packages_scipy_weave_scxx_object_h=no
ac_cv_header_dlfcn_h=yes
ac_cv_header_expat_h=yes
ac_cv_header_inttypes_h=yes
ac_cv_header_memory_h=yes
ac_cv_header_minix_config_h=no
ac_cv_header_pycairo_pycairo_h=yes
ac_cv_header_stdc=yes
ac_cv_header_stdint_h=yes
ac_cv_header_stdlib_h=yes
ac_cv_header_string_h=yes
ac_cv_header_strings_h=yes
ac_cv_header_sys_stat_h=yes
ac_cv_header_sys_types_h=yes
ac_cv_header_unistd_h=yes
ac_cv_host=x86_64-unknown-linux-gnu
ac_cv_lib_CGAL_main=yes
ac_cv_lib_boost_graph___exit=yes
ac_cv_lib_boost_iostreams___exit=yes
ac_cv_lib_boost_python___exit=yes
ac_cv_lib_boost_regex___exit=yes
ac_cv_lib_bz2_main=no
ac_cv_lib_expat_main=yes
ac_cv_lib_m_main=yes
ac_cv_objext=o
ac_cv_path_EGREP='/bin/grep -E'
ac_cv_path_FGREP='/bin/grep -F'
ac_cv_path_GREP=/bin/grep
ac_cv_path_PYTHON=/home/martinez/anaconda2/bin/python
ac_cv_path_SED=/bin/sed
ac_cv_path_ac_pt_PKG_CONFIG=/usr/bin/pkg-config
ac_cv_path_install='/usr/bin/install -c'
ac_cv_path_lt_DD=/bin/dd
ac_cv_path_mkdir=/bin/mkdir
ac_cv_prog_AWK=mawk
ac_cv_prog_CPP='/usr/bin/gcc-4.8 -E'
ac_cv_prog_CXXCPP='/usr/bin/g++-4.8 -E'
ac_cv_prog_ac_ct_AR=ar
ac_cv_prog_ac_ct_CC=/usr/bin/gcc-4.8
ac_cv_prog_ac_ct_MANIFEST_TOOL=mt
ac_cv_prog_ac_ct_OBJDUMP=objdump
ac_cv_prog_ac_ct_RANLIB=ranlib
ac_cv_prog_ac_ct_STRIP=strip
ac_cv_prog_cc_c89=
ac_cv_prog_cc_c99=no
ac_cv_prog_cc_g=yes
ac_cv_prog_cc_stdc=
ac_cv_prog_cxx_g=yes
ac_cv_prog_make_make_set=yes
ac_cv_safe_to_define___extensions__=yes
ac_cv_search_strerror='none required'
ac_cv_target=x86_64-unknown-linux-gnu
am_cv_CC_dependencies_compiler_type=gcc3
am_cv_CXX_dependencies_compiler_type=gcc3
am_cv_make_support_nested_variables=yes
am_cv_pathless_PYTHON=python
am_cv_prog_cc_c_o=yes
am_cv_python_platform=linux2
am_cv_python_pyexecdir='${exec_prefix}/lib/python2.7/site-packages'
am_cv_python_pythondir='${prefix}/lib/python2.7/site-packages'
am_cv_python_version=2.7
lt_cv_ar_at_file=@
lt_cv_archive_cmds_need_lc=no
lt_cv_deplibs_check_method=pass_all
lt_cv_file_magic_cmd='$MAGIC_CMD'
lt_cv_file_magic_test_file=
lt_cv_ld_reload_flag=-r
lt_cv_nm_interface='BSD nm'
lt_cv_objdir=.libs
lt_cv_path_LD=/usr/bin/ld
lt_cv_path_LDCXX='/usr/bin/ld -m elf_x86_64'
lt_cv_path_NM='/usr/bin/nm -B'
lt_cv_path_mainfest_tool=no
lt_cv_prog_compiler_c_o=yes
lt_cv_prog_compiler_c_o_CXX=yes
lt_cv_prog_compiler_pic='-fPIC -DPIC'
lt_cv_prog_compiler_pic_CXX='-fPIC -DPIC'
lt_cv_prog_compiler_pic_works=yes
lt_cv_prog_compiler_pic_works_CXX=yes
lt_cv_prog_compiler_rtti_exceptions=no
lt_cv_prog_compiler_static_works=yes
lt_cv_prog_compiler_static_works_CXX=yes
lt_cv_prog_gnu_ld=yes
lt_cv_prog_gnu_ldcxx=yes
lt_cv_sharedlib_from_linklib_cmd='printf %s\n'
lt_cv_shlibpath_overrides_runpath=yes
lt_cv_sys_global_symbol_pipe='sed -n -e '\''s/^.*[	 ]\([ABCDGIRSTW][ABCDGIRSTW]*\)[	 ][	 ]*\([_A-Za-z][_A-Za-z0-9]*\)$/\1 \2 \2/p'\'' | sed '\''/ __gnu_lto/d'\'''
lt_cv_sys_global_symbol_to_c_name_address='sed -n -e '\''s/^: \(.*\) .*$/  {"\1", (void *) 0},/p'\'' -e '\''s/^[ABCDGIRSTW][ABCDGIRSTW]* .* \(.*\)$/  {"\1", (void *) \&\1},/p'\'''
lt_cv_sys_global_symbol_to_c_name_address_lib_prefix='sed -n -e '\''s/^: \(.*\) .*$/  {"\1", (void *) 0},/p'\'' -e '\''s/^[ABCDGIRSTW][ABCDGIRSTW]* .* \(lib.*\)$/  {"\1", (void *) \&\1},/p'\'' -e '\''s/^[ABCDGIRSTW][ABCDGIRSTW]* .* \(.*\)$/  {"lib\1", (void *) \&\1},/p'\'''
lt_cv_sys_global_symbol_to_cdecl='sed -n -e '\''s/^T .* \(.*\)$/extern int \1();/p'\'' -e '\''s/^[ABCDGIRSTW][ABCDGIRSTW]* .* \(.*\)$/extern char \1;/p'\'''
lt_cv_sys_global_symbol_to_import=
lt_cv_sys_max_cmd_len=1572864
lt_cv_to_host_file_cmd=func_convert_file_noop
lt_cv_to_tool_file_cmd=func_convert_file_noop
lt_cv_truncate_bin='/bin/dd bs=4096 count=1'
pkg_cv_CAIROMM_CFLAGS='-I/usr/include/cairomm-1.0 -I/usr/lib/x86_64-linux-gnu/cairomm-1.0/include -I/usr/include/cairo -I/usr/include/glib-2.0 -I/usr/lib/x86_64-linux-gnu/glib-2.0/include -I/usr/include/pixman-1 -I/usr/include/freetype2 -I/usr/include/libpng16 -I/usr/include/freetype2 -I/usr/include/libpng12 -I/usr/include/sigc++-2.0 -I/usr/lib/x86_64-linux-gnu/sigc++-2.0/include'
pkg_cv_CAIROMM_LIBS='-lcairomm-1.0 -lcairo -lsigc-2.0'

## ----------------- ##
## Output variables. ##
## ----------------- ##

ACLOCAL='${SHELL} /home/martinez/workspace/pyseg_git/pyseg_system/sys/install/graph-tool/2.2.44/graph-tool-2.2.44/missing aclocal-1.15'
AMDEPBACKSLASH='\'
AMDEP_FALSE='#'
AMDEP_TRUE=''
AMTAR='$${TAR-tar}'
AM_BACKSLASH='\'
AM_DEFAULT_V='$(AM_DEFAULT_VERBOSITY)'
AM_DEFAULT_VERBOSITY='0'
AM_V='$(V)'
AR='ar'
AUTOCONF='${SHELL} /home/martinez/workspace/pyseg_git/pyseg_system/sys/install/graph-tool/2.2.44/graph-tool-2.2.44/missing autoconf'
AUTOHEADER='${SHELL} /home/martinez/workspace/pyseg_git/pyseg_system/sys/install/graph-tool/2.2.44/graph-tool-2.2.44/missing autoheader'
AUTOMAKE='${SHELL} /home/martinez/workspace/pyseg_git/pyseg_system/sys/install/graph-tool/2.2.44/graph-tool-2.2.44/missing automake-1.15'
AWK='mawk'
BOOST_CPPFLAGS='-I/usr/include'
BOOST_GRAPH_LIB='boost_graph'
BOOST_IOSTREAMS_LIB='boost_iostreams'
BOOST_LDFLAGS='-L/usr/lib'
BOOST_PYTHON_LIB='boost_python'
BOOST_REGEX_LIB='boost_regex'
CAIROMM_CFLAGS='-I/usr/include/cairomm-1.0 -I/usr/lib/x86_64-linux-gnu/cairomm-1.0/include -I/usr/include/cairo -I/usr/include/glib-2.0 -I/usr/lib/x86_64-linux-gnu/glib-2.0/include -I/usr/include/pixman-1 -I/usr/include/freetype2 -I/usr/include/libpng16 -I/usr/include/freetype2 -I/usr/include/libpng12 -I/usr/include/sigc++-2.0 -I/usr/lib/x86_64-linux-gnu/sigc++-2.0/include'
CAIROMM_LIBS='-lcairomm-1.0 -lcairo -lsigc-2.0'
CC='/usr/bin/gcc-4.8'
CCDEPMODE='depmode=gcc3'
CFLAGS='-g -O2'
CGAL_FLAGS='-frounding-math'
CGAL_LIBADD='-lCGAL -lgmp'
CPP='/usr/bin/gcc-4.8 -E'
CPPFLAGS=' -I/home/martinez/anaconda2/include/python2.7 -I/usr/include -I/home/martinez/anaconda2/lib/python2.7/site-packages/numpy/core/include'
CXX='/usr/bin/g++-4.8'
CXXCPP='/usr/bin/g++-4.8 -E'
CXXDEPMODE='depmode=gcc3'
CXXFLAGS='-Wall -Wextra -ftemplate-backtrace-limit=0  -DNDEBUG -std=gnu++11 -ftemplate-depth-250 -Wno-deprecated -Wno-unknown-pragmas -O3 -fvisibility=default -fvisibility-inlines-hidden -Wno-unknown-pragmas'
CYGPATH_W='echo'
DEFS='-DHAVE_CONFIG_H'
DEPDIR='.deps'
DLLTOOL='false'
DSYMUTIL=''
DUMPBIN=''
ECHO_C=''
ECHO_N='-n'
ECHO_T=''
EGREP='/bin/grep -E'
EXEEXT=''
FGREP='/bin/grep -F'
GRAPH_TOOL_VERSION_MAJOR='2'
GRAPH_TOOL_VERSION_MICRO='44'
GRAPH_TOOL_VERSION_MINOR='2'
GREP='/bin/grep'
INSTALL_DATA='${INSTALL} -m 644'
INSTALL_PROGRAM='${INSTALL}'
INSTALL_SCRIPT='${INSTALL}'
INSTALL_STRIP_PROGRAM='$(install_sh) -c -s'
LD='/usr/bin/ld -m elf_x86_64'
LDFLAGS=' -L/home/martinez/anaconda2/lib -lpython2.7'
LIBOBJS=''
LIBS='-lCGAL -lexpat -lm '
LIBTOOL='$(SHELL) $(top_builddir)/libtool'
LIPO=''
LN_S='ln -s'
LTLIBOBJS=''
LT_SYS_LIBRARY_PATH=''
MAKEINFO='${SHELL} /home/martinez/workspace/pyseg_git/pyseg_system/sys/install/graph-tool/2.2.44/graph-tool-2.2.44/missing makeinfo'
MANIFEST_TOOL=':'
MKDIR_P='/bin/mkdir -p'
MOD_CPPFLAGS='-I$(srcdir) -I$(srcdir)/.. -I$(srcdir)/../../boost-workaround -DHAVE_CONFIG_H'
MOD_DIR='/home/martinez/anaconda2/lib/python2.7/site-packages/graph_tool'
MOD_LDFLAGS='-module -avoid-version -export-dynamic -no-undefined -Wl,-E -Wl,--as-needed'
MOD_LIBADD='-L/home/martinez/anaconda2/lib -lpython2.7 -lboost_iostreams -lboost_python -lboost_regex  -lexpat'
NM='/usr/bin/nm -B'
NMEDIT=''
NO_INLINE_FALSE=''
NO_INLINE_TRUE='#'
NO_PREFIX_PACKAGE_DATA_DIR='share/graph-tool'
NO_PREFIX_PACKAGE_DOC_DIR='doc/graph-tool'
OBJDUMP='objdump'
OBJEXT='o'
OPENMP_LDFLAGS=''
OTOOL64=''
OTOOL=''
PACKAGE='graph-tool'
PACKAGE_BUGREPORT='http://graph-tool.skewed.de/tickets'
PACKAGE_DATA_DIR='/home/martinez/workspace/pyseg_git/pyseg_system/sys/soft/graph-tool/share/graph-tool'
PACKAGE_DOC_DIR='${datarootdir}/doc/${PACKAGE_TARNAME}'
PACKAGE_NAME='graph-tool'
PACKAGE_STRING='graph-tool 2.2.44'
PACKAGE_TARNAME='graph-tool'
PACKAGE_URL='http://graph-tool.skewed.de'
PACKAGE_VERSION='2.2.44'
PATH_SEPARATOR=':'
PKG_CONFIG='/usr/bin/pkg-config'
PKG_CONFIG_LIBDIR=''
PKG_CONFIG_PATH=''
PYTHON='/home/martinez/anaconda2/bin/python'
PYTHON_CPPFLAGS='-I/home/martinez/anaconda2/include/python2.7'
PYTHON_EXEC_PREFIX='${exec_prefix}'
PYTHON_EXTRA_LDFLAGS='-Xlinker -export-dynamic'
PYTHON_EXTRA_LIBS='-lpthread -ldl -lutil -lm'
PYTHON_FULL_VERSION='2.7.15'
PYTHON_LDFLAGS='-L/home/martinez/anaconda2/lib -lpython2.7'
PYTHON_PLATFORM='linux2'
PYTHON_PREFIX='${prefix}'
PYTHON_SITE_PKG='/home/martinez/anaconda2/lib/python2.7/site-packages'
PYTHON_VERSION='2.7'
RANLIB='ranlib'
SED='/bin/sed'
SET_MAKE=''
SHELL='/bin/bash'
SPARSEHASH_CFLAGS=''
SPARSEHASH_LIBS=''
STRIP='strip'
VERSION='2.2.44'
ac_ct_AR='ar'
ac_ct_CC='/usr/bin/gcc-4.8'
ac_ct_CXX=''
ac_ct_DUMPBIN=''
am__EXEEXT_FALSE=''
am__EXEEXT_TRUE='#'
am__fastdepCC_FALSE='#'
am__fastdepCC_TRUE=''
am__fastdepCXX_FALSE='#'
am__fastdepCXX_TRUE=''
am__include='include'
am__isrc=''
am__leading_dot='.'
am__nodep='_no'
am__quote=''
am__tar='$${TAR-tar} chof - "$$tardir"'
am__untar='$${TAR-tar} xf -'
bindir='${exec_prefix}/bin'
build='x86_64-unknown-linux-gnu'
build_alias=''
build_cpu='x86_64'
build_os='linux-gnu'
build_vendor='unknown'
datadir='${datarootdir}'
datarootdir='${prefix}/share'
docdir='${datarootdir}/doc/${PACKAGE_TARNAME}'
dvidir='${docdir}'
exec_prefix='${prefix}'
host='x86_64-unknown-linux-gnu'
host_alias=''
host_cpu='x86_64'
host_os='linux-gnu'
host_vendor='unknown'
htmldir='${docdir}'
includedir='${prefix}/include'
infodir='${datarootdir}/info'
install_sh='${SHELL} /home/martinez/workspace/pyseg_git/pyseg_system/sys/install/graph-tool/2.2.44/graph-tool-2.2.44/install-sh'
libdir='${exec_prefix}/lib'
libexecdir='${exec_prefix}/libexec'
localedir='${datarootdir}/locale'
localstatedir='${prefix}/var'
mandir='${datarootdir}/man'
mkdir_p='$(MKDIR_P)'
oldincludedir='/usr/include'
pdfdir='${docdir}'
pkgpyexecdir='${pyexecdir}/graph-tool'
pkgpythondir='${pythondir}/graph-tool'
prefix='/home/martinez/workspace/pyseg_git/pyseg_system/sys/soft/graph-tool'
program_transform_name='s,x,x,'
psdir='${docdir}'
pyexecdir='${exec_prefix}/lib/python2.7/site-packages'
pythondir='${prefix}/lib/python2.7/site-packages'
sbindir='${exec_prefix}/sbin'
sharedstatedir='${prefix}/com'
sysconfdir='${prefix}/etc'
target='x86_64-unknown-linux-gnu'
target_alias=''
target_cpu='x86_64'
target_os='linux-gnu'
target_vendor='unknown'

## ----------- ##
## confdefs.h. ##
## ----------- ##

/* confdefs.h */
#define PACKAGE_NAME "graph-tool"
#define PACKAGE_TARNAME "graph-tool"
#define PACKAGE_VERSION "2.2.44"
#define PACKAGE_STRING "graph-tool 2.2.44"
#define PACKAGE_BUGREPORT "http://graph-tool.skewed.de/tickets"
#define PACKAGE_URL "http://graph-tool.skewed.de"
#define PACKAGE "graph-tool"
#define VERSION "2.2.44"
#define STDC_HEADERS 1
#define HAVE_SYS_TYPES_H 1
#define HAVE_SYS_STAT_H 1
#define HAVE_STDLIB_H 1
#define HAVE_STRING_H 1
#define HAVE_MEMORY_H 1
#define HAVE_STRINGS_H 1
#define HAVE_INTTYPES_H 1
#define HAVE_STDINT_H 1
#define HAVE_UNISTD_H 1
#define __EXTENSIONS__ 1
#define _ALL_SOURCE 1
#define _GNU_SOURCE 1
#define _POSIX_PTHREAD_SEMANTICS 1
#define _TANDEM_SOURCE 1
#define STDC_HEADERS 1
#define HAVE_DLFCN_H 1
#define LT_OBJDIR ".libs/"
#define HAVE_LIBM 1
#define HAVE_LIBEXPAT 1
#define HAVE_PYTHON "2.7"
#define HAVE_BOOST /**/
#define HAVE_BOOST_PYTHON /**/
#define HAVE_BOOST_IOSTREAMS /**/
#define HAVE_BOOST_REGEX /**/
#define HAVE_BOOST_GRAPH /**/
#define HAVE_LIBCGAL 1
#define HAVE_CAIROMM 1
#define INSTALL_PREFIX "/home/martinez/workspace/pyseg_git/pyseg_system/sys/soft/graph-tool"
#define PYTHON_DIR "/home/martinez/anaconda2/lib/python2.7/site-packages"
#define CXXFLAGS "-Wall -Wextra -ftemplate-backtrace-limit=0  -DNDEBUG -std=gnu++11 -ftemplate-depth-250 -Wno-deprecated -Wno-unknown-pragmas -O3 -fvisibility=default -fvisibility-inlines-hidden -Wno-unknown-pragmas"
#define CPPFLAGS " -I/home/martinez/anaconda2/include/python2.7 -I/usr/include -I/home/martinez/anaconda2/lib/python2.7/site-packages/numpy/core/include"
#define LDFLAGS " -L/home/martinez/anaconda2/lib -lpython2.7"
#define PACKAGE_DATA_DIR "/home/martinez/workspace/pyseg_git/pyseg_system/sys/soft/graph-tool/share/graph-tool"
#define PACKAGE_DOC_DIR "${datarootdir}/doc/${PACKAGE_TARNAME}"
#define PACKAGE_SOURCE_DIR "/home/martinez/workspace/pyseg_git/pyseg_system/sys/install/graph-tool/2.2.44/graph-tool-2.2.44"
#define AUTHOR "Tiago de Paula Peixoto <tiago@skewed.de>"
#define COPYRIGHT "Copyright (C) 2006-2014 Tiago de Paula Peixoto\nThis is free software; see the source for copying conditions.  There is NO\nwarranty; not even for MERCHANTABILITY or FITNESS FOR A PARTICULAR PURPOSE."
#define GIT_COMMIT "178add3a"
#define GIT_COMMIT_DATE "Thu Jul 2 01:44:54 2015 +0200"
#define GCC_VERSION (__GNUC__ * 10000 + __GNUC_MINOR__ * 100 + __GNUC_PATCHLEVEL__)

configure: exit 0
