Performing C++ SOURCE FILE Test TR1_UNORDERED_MAP_TR1_STD failed with the following output:
Change Dir: /home/martinez/workspace/pyseg_git/pyseg_system/sys/install/disperse/0.9.24/disperse/CMakeFiles/CMakeTmp

Run Build Command:"/usr/bin/make" "cmTC_d5337/fast"
/usr/bin/make -f CMakeFiles/cmTC_d5337.dir/build.make CMakeFiles/cmTC_d5337.dir/build
make[1]: Entering directory '/home/martinez/workspace/pyseg_git/pyseg_system/sys/install/disperse/0.9.24/disperse/CMakeFiles/CMakeTmp'
Building CXX object CMakeFiles/cmTC_d5337.dir/src.cxx.o
/usr/bin/c++    -DTR1_UNORDERED_MAP_TR1_STD   -o CMakeFiles/cmTC_d5337.dir/src.cxx.o -c /home/martinez/workspace/pyseg_git/pyseg_system/sys/install/disperse/0.9.24/disperse/CMakeFiles/CMakeTmp/src.cxx
/home/martinez/workspace/pyseg_git/pyseg_system/sys/install/disperse/0.9.24/disperse/CMakeFiles/CMakeTmp/src.cxx: In function ‘int main()’:
/home/martinez/workspace/pyseg_git/pyseg_system/sys/install/disperse/0.9.24/disperse/CMakeFiles/CMakeTmp/src.cxx:5:11: error: ‘unordered_map’ is not a member of ‘std’
      std::unordered_map<int, int> m;
           ^~~~~~~~~~~~~
/home/martinez/workspace/pyseg_git/pyseg_system/sys/install/disperse/0.9.24/disperse/CMakeFiles/CMakeTmp/src.cxx:5:11: note: suggested alternative:
In file included from /usr/include/c++/7/tr1/unordered_map:42:0,
                 from /home/martinez/workspace/pyseg_git/pyseg_system/sys/install/disperse/0.9.24/disperse/CMakeFiles/CMakeTmp/src.cxx:2:
/usr/include/c++/7/tr1/unordered_map.h:180:11: note:   ‘std::tr1::unordered_map’
     class unordered_map
           ^~~~~~~~~~~~~
/home/martinez/workspace/pyseg_git/pyseg_system/sys/install/disperse/0.9.24/disperse/CMakeFiles/CMakeTmp/src.cxx:5:25: error: expected primary-expression before ‘int’
      std::unordered_map<int, int> m;
                         ^~~
CMakeFiles/cmTC_d5337.dir/build.make:65: recipe for target 'CMakeFiles/cmTC_d5337.dir/src.cxx.o' failed
make[1]: *** [CMakeFiles/cmTC_d5337.dir/src.cxx.o] Error 1
make[1]: Leaving directory '/home/martinez/workspace/pyseg_git/pyseg_system/sys/install/disperse/0.9.24/disperse/CMakeFiles/CMakeTmp'
Makefile:126: recipe for target 'cmTC_d5337/fast' failed
make: *** [cmTC_d5337/fast] Error 2

Source file was:

  #include <tr1/unordered_map>
  int main() 
   {
     std::unordered_map<int, int> m;
     return 0;
   }
  
Performing C++ SOURCE FILE Test TR1_UNORDERED_MAP_STD_TR1 failed with the following output:
Change Dir: /home/martinez/workspace/pyseg_git/pyseg_system/sys/install/disperse/0.9.24/disperse/CMakeFiles/CMakeTmp

Run Build Command:"/usr/bin/make" "cmTC_dab87/fast"
/usr/bin/make -f CMakeFiles/cmTC_dab87.dir/build.make CMakeFiles/cmTC_dab87.dir/build
make[1]: Entering directory '/home/martinez/workspace/pyseg_git/pyseg_system/sys/install/disperse/0.9.24/disperse/CMakeFiles/CMakeTmp'
Building CXX object CMakeFiles/cmTC_dab87.dir/src.cxx.o
/usr/bin/c++    -DTR1_UNORDERED_MAP_STD_TR1   -o CMakeFiles/cmTC_dab87.dir/src.cxx.o -c /home/martinez/workspace/pyseg_git/pyseg_system/sys/install/disperse/0.9.24/disperse/CMakeFiles/CMakeTmp/src.cxx
/home/martinez/workspace/pyseg_git/pyseg_system/sys/install/disperse/0.9.24/disperse/CMakeFiles/CMakeTmp/src.cxx: In function ‘int main()’:
/home/martinez/workspace/pyseg_git/pyseg_system/sys/install/disperse/0.9.24/disperse/CMakeFiles/CMakeTmp/src.cxx:5:11: error: ‘std::tr1’ has not been declared
      std::tr1::unordered_map<int, int> m;
           ^~~
/home/martinez/workspace/pyseg_git/pyseg_system/sys/install/disperse/0.9.24/disperse/CMakeFiles/CMakeTmp/src.cxx:5:30: error: expected primary-expression before ‘int’
      std::tr1::unordered_map<int, int> m;
                              ^~~
CMakeFiles/cmTC_dab87.dir/build.make:65: recipe for target 'CMakeFiles/cmTC_dab87.dir/src.cxx.o' failed
make[1]: *** [CMakeFiles/cmTC_dab87.dir/src.cxx.o] Error 1
make[1]: Leaving directory '/home/martinez/workspace/pyseg_git/pyseg_system/sys/install/disperse/0.9.24/disperse/CMakeFiles/CMakeTmp'
Makefile:126: recipe for target 'cmTC_dab87/fast' failed
make: *** [cmTC_dab87/fast] Error 2

Source file was:

  #include <unordered_map>
  int main() 
   {
     std::tr1::unordered_map<int, int> m;
     return 0;
   }
  
Determining if the pthread_create exist failed with the following output:
Change Dir: /home/martinez/workspace/pyseg_git/pyseg_system/sys/install/disperse/0.9.24/disperse/CMakeFiles/CMakeTmp

Run Build Command:"/usr/bin/make" "cmTC_3021a/fast"
/usr/bin/make -f CMakeFiles/cmTC_3021a.dir/build.make CMakeFiles/cmTC_3021a.dir/build
make[1]: Entering directory '/home/martinez/workspace/pyseg_git/pyseg_system/sys/install/disperse/0.9.24/disperse/CMakeFiles/CMakeTmp'
Building C object CMakeFiles/cmTC_3021a.dir/CheckSymbolExists.c.o
/usr/bin/cc    -o CMakeFiles/cmTC_3021a.dir/CheckSymbolExists.c.o   -c /home/martinez/workspace/pyseg_git/pyseg_system/sys/install/disperse/0.9.24/disperse/CMakeFiles/CMakeTmp/CheckSymbolExists.c
Linking C executable cmTC_3021a
/usr/bin/cmake -E cmake_link_script CMakeFiles/cmTC_3021a.dir/link.txt --verbose=1
/usr/bin/cc      -rdynamic CMakeFiles/cmTC_3021a.dir/CheckSymbolExists.c.o  -o cmTC_3021a 
CMakeFiles/cmTC_3021a.dir/CheckSymbolExists.c.o: In function `main':
CheckSymbolExists.c:(.text+0x1b): undefined reference to `pthread_create'
collect2: error: ld returned 1 exit status
CMakeFiles/cmTC_3021a.dir/build.make:97: recipe for target 'cmTC_3021a' failed
make[1]: *** [cmTC_3021a] Error 1
make[1]: Leaving directory '/home/martinez/workspace/pyseg_git/pyseg_system/sys/install/disperse/0.9.24/disperse/CMakeFiles/CMakeTmp'
Makefile:126: recipe for target 'cmTC_3021a/fast' failed
make: *** [cmTC_3021a/fast] Error 2

File /home/martinez/workspace/pyseg_git/pyseg_system/sys/install/disperse/0.9.24/disperse/CMakeFiles/CMakeTmp/CheckSymbolExists.c:
/* */
#include <pthread.h>

int main(int argc, char** argv)
{
  (void)argv;
#ifndef pthread_create
  return ((int*)(&pthread_create))[argc];
#else
  (void)argc;
  return 0;
#endif
}

Determining if the function pthread_create exists in the pthreads failed with the following output:
Change Dir: /home/martinez/workspace/pyseg_git/pyseg_system/sys/install/disperse/0.9.24/disperse/CMakeFiles/CMakeTmp

Run Build Command:"/usr/bin/make" "cmTC_47403/fast"
/usr/bin/make -f CMakeFiles/cmTC_47403.dir/build.make CMakeFiles/cmTC_47403.dir/build
make[1]: Entering directory '/home/martinez/workspace/pyseg_git/pyseg_system/sys/install/disperse/0.9.24/disperse/CMakeFiles/CMakeTmp'
Building C object CMakeFiles/cmTC_47403.dir/CheckFunctionExists.c.o
/usr/bin/cc   -DCHECK_FUNCTION_EXISTS=pthread_create   -o CMakeFiles/cmTC_47403.dir/CheckFunctionExists.c.o   -c /usr/share/cmake-3.10/Modules/CheckFunctionExists.c
Linking C executable cmTC_47403
/usr/bin/cmake -E cmake_link_script CMakeFiles/cmTC_47403.dir/link.txt --verbose=1
/usr/bin/cc  -DCHECK_FUNCTION_EXISTS=pthread_create    -rdynamic CMakeFiles/cmTC_47403.dir/CheckFunctionExists.c.o  -o cmTC_47403 -lpthreads 
/usr/bin/ld: cannot find -lpthreads
collect2: error: ld returned 1 exit status
CMakeFiles/cmTC_47403.dir/build.make:97: recipe for target 'cmTC_47403' failed
make[1]: *** [cmTC_47403] Error 1
make[1]: Leaving directory '/home/martinez/workspace/pyseg_git/pyseg_system/sys/install/disperse/0.9.24/disperse/CMakeFiles/CMakeTmp'
Makefile:126: recipe for target 'cmTC_47403/fast' failed
make: *** [cmTC_47403/fast] Error 2


